0003c5fb-db05-49b0-9c7e-788600ce3849_jpg.rf.9cf4e833650321c9d7311c399ed33985.jpg
000dcdba-7c03-4ff6-95a6-0041e2f39066_jpg.rf.8d7ff66dec3b4c5991db6d952d604ffe.jpg
0026c6bd-3249-4589-b4e6-abe7bdb2b881_jpg.rf.da086741cb23e7f148dd71d91d4695c4.jpg
00291af6-8d9a-4c19-b631-017b7894cde8_jpg.rf.f6a936387ae828222eed90e193dd78e7.jpg
002de165-0c94-46b1-9fb5-2c0a168baa34_jpg.rf.bfa81ebfb7e870de9943bde593c4d808.jpg
004013cd-f0b0-4d26-ac4d-bc6b4481f858_jpg.rf.63c7abce649d216448e6ed45f2671863.jpg
004d17d3-7cf4-4878-9c05-7f881e09c367_jpg.rf.de536e533abf99ced1643809bb9e86d7.jpg
00563967-0c81-4a8e-ad22-3b1d3020ac75_jpg.rf.e753cdd2e4cf1be01bc0fc385eb5d6a2.jpg
006b2d53-7b35-42f0-b398-29599ad28387_jpg.rf.85fda6774d206dc946396456c05e2408.jpg
0089b960-64ca-49c2-ac8a-c6f835734aed_jpg.rf.ef2f9a475e2db97952a87b8852c54539.jpg
00942b1e-29ff-42e0-95e6-3146e537b98f_jpg.rf.b319bf724dd5212dd0577e07ea5829a6.jpg
00986ebf-187a-40a6-9827-c9af50fddede_jpg.rf.e768aea79587018f8c20487fa3d883ce.jpg
00aa84e0-9086-478b-a3c7-aedbf3876911_jpg.rf.cc1ed9204eca2d896822330311965e08.jpg
00c5e444-5b40-43b1-aded-e4ca043ce915_jpg.rf.5fae8223e978620c0947cb2a8d8d3eca.jpg
00e4251b-5750-4dc8-b262-19be0f2f4d9e_jpg.rf.785279ff306767d8d0d19065b7e15b84.jpg
00e999ad-8721-4808-9866-20f0d1520243_jpg.rf.4e9dc9f7bad32f2ec7a9d1b8c91fa783.jpg
00edd827-5110-4be8-8daf-94c7fc459f7d_jpg.rf.f7baee82e3f772078725e71f8ff2490c.jpg
01120c78-6fdd-4b9a-b3b9-b646b254369d_jpg.rf.52a72afcb060ed9451ef7f2eb3c853c4.jpg
01168db1-d8d3-409d-ba4d-4dd57c71e860_jpg.rf.a88e02903706ba41d92fb6c15391f529.jpg
011b38c7-245f-495c-b518-b5b1a17cb126_jpg.rf.b8886247a4b4d8b86f1a954f9e6891f6.jpg
011f47ed-56d6-4259-81e2-73cbe73a460e_jpg.rf.ffc3fd8609143c039c59689586f56d33.jpg
0129ba5a-8994-4f00-bd2e-39c50de10b18_jpg.rf.5ec5f4a82092ea6b56b8afbad23acec9.jpg
012b21e1-efb2-4e35-abd5-46e4705d20a4_jpg.rf.69b317fa2dd33336ba78cfbec82f60a3.jpg
01365a33-a86c-4be2-b474-a4035d9727b9_jpg.rf.869dbca7f1836f54f53a3ee8eb57be5a.jpg
013d4f83-6cc3-46a2-9558-a952bce216c9_jpg.rf.8b70a853eb7e92622256b8130fa570b2.jpg
0142ebb6-e7d3-4ea2-b8c2-3d40dcb41589_jpg.rf.8bc7eb9b2c726dad12051aa79ccd3253.jpg
014a77b9-affa-4073-a0d5-f9c11b501b0d_jpg.rf.b89c3d1a83b6667751bc23ac35e210ac.jpg
014ee5fa-e83c-48e3-be4f-4bd97e5ec2f7_jpg.rf.49958686577b5f21d5297b51b982fdc9.jpg
015311a9-7ca5-484f-901a-2966a83f5b04_jpg.rf.99d1d6146c7652f61f572f3fe5eaf30c.jpg
01563794-eb7f-40b7-8098-26b35a189c50_jpg.rf.c655e5e6b8cf5fb2982e0791ac2f100f.jpg
0156c10f-1128-4d8b-9e57-03521d0656bb_jpg.rf.2afe22b22754a908d1f7eddf79a105bc.jpg
0161afa2-a85a-4812-8880-8765d043537d_jpg.rf.1de0b5b268089fe2afaae87d7d90b206.jpg
017a0bb0-33fc-4cf8-826a-57f720a9f6e5_jpg.rf.ab6e876e47c7a237d6b846835bbbfc2b.jpg
017a5ebc-e67f-421e-92aa-9309ca129e41_jpg.rf.5b1e46d9e92700d320acb2892e246044.jpg
0189b23a-da4a-4a15-ae76-a9f77a96d123_jpg.rf.aa911940d455cafe77cfb63e944b6bc5.jpg
01935e2d-62ad-4eed-8236-1b309e4b64ff_jpg.rf.414d4cb2280e46565e6b773e8e3cf9c2.jpg
01942bf7-d20c-4c89-8d56-49148fca567e_jpg.rf.bb721b83c3b68f381e61323c862ede2a.jpg
01b29451-4d4a-46da-98fc-49279bdff381_jpg.rf.b779e2b2d30453a61f66c6282e9deca7.jpg
01baff8e-0a17-45df-ab38-7bb47ad75b5c_jpg.rf.231f5210eb11d353146f9b88647f541d.jpg
01c40cb5-c919-4a1e-b27f-732fa2c78bf1_jpg.rf.874bf85506f716803494713e34bbc15c.jpg
01d5f979-e9a5-4d42-955c-2a77f6fe7689_jpg.rf.70569656ce470b03b4875b4dbb11d136.jpg
01ec01ca-d01a-40f0-a4a0-accf2be156d3_jpg.rf.29588744766b154a8c8443fd126d1c9c.jpg
02071f4f-42ba-4df3-bb9b-ef9efc592ea7_jpg.rf.2f9b89179458a7dfe133da4eb51f0e8b.jpg
022a2667-2a77-4283-9104-ea07df2dca57_jpg.rf.b1615b74de4be5d53ca15d24c32ced77.jpg
0231cfae-f07c-45ba-b341-0fdf08800462_jpg.rf.da831e963744f8e9fdd1bd00db4d6e4f.jpg
02451922-7205-4ca4-ac3d-4db64a8a984e_jpg.rf.69180fb74a1efebc078605339b780a68.jpg
02584ac1-d6b4-42b8-b118-858828c16370_jpg.rf.2f0d8d7b2ec4184804360af513cd0087.jpg
025e4f6e-53f1-45a0-b9be-a513996fff4b_jpg.rf.49fff9b3c90eb66ab8af0c1f228a8b43.jpg
0261c525-fa5d-4581-9143-ce6db1005126_jpg.rf.384fe1416d6e19bd7beb12d778aea81b.jpg
027defff-add4-4aae-be2a-5cd1eedbab17_jpg.rf.9d96ec406ba920197ceae1ec00351644.jpg
02812165-8c99-4965-9bec-d0f11c890190_jpg.rf.007d8813cf8b28971ea26cf1ce55beaf.jpg
02876684-b312-4fc3-9fa1-2b31e8f72bf9_jpg.rf.2307531a52ceb3422614cdeddddd8e0b.jpg
0289d95e-4477-4b8e-a981-f173f6be0b27_jpg.rf.3d02e0ac93f7e180248623585d9738d9.jpg
02900a60-ab8d-431b-9d9f-bd159d22290e_jpg.rf.5d9f3f3eb93a3526783e49d7e4a5896b.jpg
029a160a-ef0b-4d80-beff-c1cad6c5fa3f_jpg.rf.1da692aaa80f2769d15b95725c33fdfb.jpg
02a7952f-6f2d-4cbe-b65c-c2e45cf5eb97_jpg.rf.ab9cc046f0b6559f6d2b14a2f1448430.jpg
02a825a1-97d1-4e9b-b637-4e38b2680a08_jpg.rf.33745956682d082beff876b7614bf677.jpg
02b1c09b-a946-40ec-9d75-5579799b0e94_jpg.rf.e3c628bb567b66bc279deb21c75c403e.jpg
02c17ba0-b9a8-4921-89a4-897a1d354292_jpg.rf.80fc9100e541654e76fe311861c61428.jpg
02c9238a-14e4-4a90-b13a-171eacf282b0_jpg.rf.3674c819d4561a3c7621e0351e8abe3d.jpg
02cda452-bd62-4e74-82ff-c07f235bde9b_jpg.rf.cad03a4d1d0fbe424ab4939e6f54bfeb.jpg
02cf9178-34bd-47c1-b18f-1834be234f4e_jpg.rf.887484114666fa21f02e0cc41f998e5e.jpg
02d5b85e-b05b-415e-b0e2-72e9557efee6_jpg.rf.7469d85536a2080dc007161bd02af1bc.jpg
03-05-2024-17-INT-ATENAS-1-2-602_mp4-0010_jpg.rf.2012d7cc5f0e8395e87cb9f766db22ef.jpg
03-05-2024-17-INT-ATENAS-1-2-602_mp4-0011_jpg.rf.30157f193a83ed44bc63b005378c623f.jpg
03-05-2024-17-INT-ATENAS-1-2-602_mp4-0030_jpg.rf.c995bba39a8ded99f9d3b747107a88ff.jpg
03-05-2024-17-INT-ATENAS-1-2-602_mp4-0033_jpg.rf.51fff6de04ff7ef314718138b5f5309b.jpg
03-05-2024-17-INT-ATENAS-1-2-602_mp4-0034_jpg.rf.0e8674e7b242d40161a62278487077bf.jpg
03-05-2024-17-INT-ATENAS-1-2-602_mp4-0035_jpg.rf.ffd87e3f549b26282b6751c3ce534a8c.jpg
03-05-2024-17-INT-ATENAS-1-2-602_mp4-0036_jpg.rf.486d197c368b405646c7b570e7978b42.jpg
03-05-2024-17-INT-ATENAS-1-2-602_mp4-0037_jpg.rf.b78144ace369134d95b378af290ec7d7.jpg
03-05-2024-17-INT-ATENAS-1-2-602_mp4-0047_jpg.rf.411f30c19f541a7079fc9b0c6895e47e.jpg
03-05-2024-17-INT-ATENAS-1-2-602_mp4-0048_jpg.rf.8f0c3d9c28cd7ec4c0481a35016142e9.jpg
03-05-2024-17-INT-ATENAS-1-2-602_mp4-0049_jpg.rf.803b017f83e30b46601993db29cc2f01.jpg
03-05-2024-17-INT-ATENAS-1-2-602_mp4-0056_jpg.rf.d5ab1defa7535a59d5df78be8e95df58.jpg
03-05-2024-17-INT-ATENAS-1-2-602_mp4-0057_jpg.rf.26dd37d17cd6fe285fd44ad49a7734b8.jpg
03-05-2024-17-INT-ATENAS-1-2-602_mp4-0059_jpg.rf.0aa17d3c2c50997cba232d7b90100364.jpg
03-05-2024-17-INT-ATENAS-1-2-602_mp4-0060_jpg.rf.bfda57708aeb81d61f6d898858924f1a.jpg
03-05-2024-17-INT-ATENAS-1-2-602_mp4-0071_jpg.rf.78f33be0585a7e8f9a225fd89f5febb1.jpg
03-05-2024-17-INT-ATENAS-1-2-602_mp4-0074_jpg.rf.46dffafee9acdf7fa96a90437b197d14.jpg
03-05-2024-17-INT-ATENAS-1-2-602_mp4-0075_jpg.rf.950fd95d108b8cf7802116191fe0e878.jpg
03-05-2024-17-INT-ATENAS-1-2-602_mp4-0076_jpg.rf.2aabc7f37471586b041bba50aab28f50.jpg
03-05-2024-17-INT-ATENAS-1-2-602_mp4-0077_jpg.rf.fc5d8f3d10284d60af820fba08e61831.jpg
03-05-2024-17-INT-ATENAS-1-2-602_mp4-0080_jpg.rf.a605742c1bb30c23b8f1d006362b25d4.jpg
03-05-2024-17-INT-ATENAS-1-2-602_mp4-0137_jpg.rf.7ef6ee115a99a2e271202dd8a1e53b0d.jpg
03-05-2024-17-INT-ATENAS-1-2-602_mp4-0140_jpg.rf.ae3430e2894c2b1b5d1bcb720fe94e2a.jpg
03-05-2024-17-INT-ATENAS-1-2-602_mp4-0141_jpg.rf.dbc117067aa476df0304efbc670be021.jpg
03-05-2024-17-INT-ATENAS-1-2-602_mp4-0142_jpg.rf.8e6d76f04a9050a74750b692b60e8be4.jpg
03-05-2024-17-INT-ATENAS-1-2-602_mp4-0144_jpg.rf.ebe5b95bf0f2d880980175f4ff85a0be.jpg
03-05-2024-17-INT-ATENAS-1-2-602_mp4-0146_jpg.rf.37d8cf9973c6ef826b3b2a6458002d69.jpg
03-05-2024-17-INT-ATENAS-1-2-602_mp4-0147_jpg.rf.9649031c5fbc9f9611e53a714f6ee2c2.jpg
03-05-2024-17-INT-ATENAS-1-2-602_mp4-0164_jpg.rf.ee6214712524e2c7fc6ca7bdd4fad2ec.jpg
03-05-2024-17-INT-ATENAS-1-2-602_mp4-0165_jpg.rf.f463de45a28a7477835835d64d3d947a.jpg
03-05-2024-17-INT-ATENAS-1-2-602_mp4-0166_jpg.rf.380d159266c8043ebec6dd5feb825952.jpg
03-05-2024-17-INT-ATENAS-1-2-602_mp4-0199_jpg.rf.dd9501d0720520b30dc2afa677e6da38.jpg
03-05-2024-17-INT-ATENAS-1-2-602_mp4-0202_jpg.rf.73bb1555a9e6d20b6f0fed30683534bb.jpg
03-05-2024-17-INT-ATENAS-1-2-602_mp4-0206_jpg.rf.03239967c5e8ed31a883e15d498a217c.jpg
03199f98-5960-48ee-911d-a4b4e48f148a_jpg.rf.5c2cf4e23c156c2b1f09e0db1c8647d2.jpg
0323dc11-f194-4681-8677-6be27d94659b_jpg.rf.0abdb442b3a23bcc70da46f68b5ef76f.jpg
0324801f-7eb2-4eb2-994c-23596fe057d2_jpg.rf.aff4789cdb8757b3c56b75c982dcad11.jpg
03725a4b-09e7-42b2-8132-31b7f10879ac_jpg.rf.ab01f2f3ae6cc08658426adb9533e2d6.jpg
0387d48f-0ee3-4e10-b518-581a79c3c271_jpg.rf.79594a764bc8bf294f7f51c5ba414487.jpg
03947735-e46d-4046-9b5d-0981d91b3608_jpg.rf.bd4fc5240b363e28e85fe87f635b19fe.jpg
039e036e-76f8-454e-8783-008615ddc12e_jpg.rf.d333fefca8bb6a41136acbe6f828b46e.jpg
03a03671-2b89-4ded-aa8b-d39e0e1fbca6_jpg.rf.0b0013712ce5b4331246d0e890a28db5.jpg
03ab9842-b30b-4ac8-8607-0a79667941ff_jpg.rf.c997f7dfd5928449e18e8a9a68b24315.jpg
03c07020-3bc4-48cd-bbd4-eb243500a005_jpg.rf.8512f7cb67518a221d8a1a42f26a5d2b.jpg
03c25431-8914-4f29-887f-6150a7e08a98_jpg.rf.d5c31d126dc2199a68ed5b8438128c5f.jpg
03f6d5ff-07da-4004-a77a-b70fe0979d5e_jpg.rf.5cd725393397dbfce8c7ca0c7a468423.jpg
03f8e275-5897-4a0d-81ab-8b2807853a8b_jpg.rf.054b0776f1fa68ce3ed9c1c966547043.jpg
04-05-2024-17-CIUDAD-COLON-1-2-202_cortado_mp4-0002_jpg.rf.54cc84f889b68b31b3d3dcf4cfa18088.jpg
04-05-2024-17-CIUDAD-COLON-1-2-202_cortado_mp4-0003_jpg.rf.2da09860fadeb9d6fc190cd661b34f3b.jpg
04-05-2024-17-CIUDAD-COLON-1-2-202_cortado_mp4-0006_jpg.rf.8156eda1b1f65235ee92ebe503a58280.jpg
04-05-2024-17-CIUDAD-COLON-1-2-202_cortado_mp4-0007_jpg.rf.1508afb685ff1a3aa93a6a0ca5eea185.jpg
04-05-2024-17-CIUDAD-COLON-1-2-202_cortado_mp4-0008_jpg.rf.07898d29e7f3f5128eb9bef0773bf265.jpg
04-05-2024-17-CIUDAD-COLON-1-2-202_cortado_mp4-0009_jpg.rf.c1812aff9806a16447421d9c71bbdb58.jpg
04-05-2024-17-CIUDAD-COLON-1-2-202_cortado_mp4-0010_jpg.rf.89c48786f05b652b7a9443b0ed1493d1.jpg
04-05-2024-17-CIUDAD-COLON-1-2-202_cortado_mp4-0011_jpg.rf.8c0b6776150146052ab305d0ffcf6a26.jpg
04-05-2024-17-CIUDAD-COLON-1-2-202_cortado_mp4-0012_jpg.rf.ee0ed19fd370722a7d5019ac8a783122.jpg
04-05-2024-17-CIUDAD-COLON-1-2-202_cortado_mp4-0014_jpg.rf.7cf08afd824e4187357c1d2db737ea29.jpg
04-05-2024-17-CIUDAD-COLON-1-2-202_cortado_mp4-0015_jpg.rf.dc5e3e95e79fd1fa18c53a01894e7c80.jpg
04-05-2024-17-CIUDAD-COLON-1-2-202_cortado_mp4-0017_jpg.rf.083541338cf525cafa3c5dbd0715a73b.jpg
04-05-2024-17-CIUDAD-COLON-1-2-202_cortado_mp4-0028_jpg.rf.b16565e96acf491eabe5d9894868c9bd.jpg
04-05-2024-17-CIUDAD-COLON-1-2-202_cortado_mp4-0039_jpg.rf.560b1409f7a3213e04e03ce39c8b439d.jpg
04-05-2024-17-CIUDAD-COLON-1-2-202_cortado_mp4-0040_jpg.rf.28daab46225b2e49661b1d805ef7a23d.jpg
04-05-2024-17-CIUDAD-COLON-1-2-202_cortado_mp4-0041_jpg.rf.09679297328be224ef8b6f0d45978078.jpg
04-05-2024-17-CIUDAD-COLON-1-2-202_cortado_mp4-0044_jpg.rf.cfdf225643412609f2a0eb1d372c1ecc.jpg
04-05-2024-17-CIUDAD-COLON-1-2-202_cortado_mp4-0045_jpg.rf.5c0bc2542d741c7f5974c22de83c6102.jpg
04-05-2024-17-CIUDAD-COLON-1-2-202_cortado_mp4-0046_jpg.rf.7985f17aa81022a89c8a45250e0a1709.jpg
04-05-2024-17-CIUDAD-COLON-1-2-202_cortado_mp4-0047_jpg.rf.34fdf9aeab190dcc905feca69d548202.jpg
04-05-2024-17-CIUDAD-COLON-1-2-202_cortado_mp4-0052_jpg.rf.c5ddd7e23e72bb35d4436a7abb9ae34e.jpg
04-05-2024-17-CIUDAD-COLON-1-2-202_cortado_mp4-0059_jpg.rf.90ae3b0293520669ea845b0684483364.jpg
04-05-2024-17-CIUDAD-COLON-1-2-202_cortado_mp4-0062_jpg.rf.c6702991b230b1f0fa068b3e832d4269.jpg
04-05-2024-17-CIUDAD-COLON-1-2-202_cortado_mp4-0063_jpg.rf.3d517fae4ebf80fc0b2ed362b026163d.jpg
04-05-2024-17-CIUDAD-COLON-1-2-202_cortado_mp4-0064_jpg.rf.bed275d295ca7473514fc72a4d6da473.jpg
04-05-2024-17-CIUDAD-COLON-1-2-202_cortado_mp4-0066_jpg.rf.8b1f35e43678437b8c4684c1b06bc195.jpg
04-05-2024-17-CIUDAD-COLON-1-2-202_cortado_mp4-0067_jpg.rf.7c770e26596c8b00f78d26b3f6180fd4.jpg
04-05-2024-17-CIUDAD-COLON-1-2-202_cortado_mp4-0068_jpg.rf.372fc43985b49763023918879478c3b7.jpg
04-05-2024-17-CIUDAD-COLON-1-2-202_cortado_mp4-0069_jpg.rf.acaab76cc4300e67fbdc573372be5d28.jpg
04-05-2024-17-CIUDAD-COLON-1-2-202_cortado_mp4-0070_jpg.rf.ef4b7a29a3d09f931cb9a1bfee15ea72.jpg
04-05-2024-17-CIUDAD-COLON-1-2-202_cortado_mp4-0071_jpg.rf.2d06a40aad8be0921bf6b8fdbdf20e92.jpg
04-05-2024-17-CIUDAD-COLON-1-2-202_cortado_mp4-0072_jpg.rf.c5b266dbe746d36dd581df5e01dd1dc8.jpg
04-05-2024-17-CIUDAD-COLON-1-2-202_cortado_mp4-0073_jpg.rf.272ea5619889dc6e68c90f316c2a3f58.jpg
04-05-2024-17-CIUDAD-COLON-1-2-202_cortado_mp4-0074_jpg.rf.5f60f7b0ec31053ca744f1e2fac83cfd.jpg
04-05-2024-17-CIUDAD-COLON-1-2-202_cortado_mp4-0075_jpg.rf.20fc3731b7b46225a88e99524aff328f.jpg
04-05-2024-17-CIUDAD-COLON-1-2-202_cortado_mp4-0077_jpg.rf.e926b88c005a19e4be940b1e8d5a68e9.jpg
04-05-2024-17-CIUDAD-COLON-1-2-202_cortado_mp4-0079_jpg.rf.74318df7ceb875ae4bd4a1b4209c134e.jpg
04-05-2024-17-CIUDAD-COLON-1-2-202_cortado_mp4-0080_jpg.rf.d34761266d2121753d83fe3dff71a9a5.jpg
04-05-2024-17-CIUDAD-COLON-1-2-202_cortado_mp4-0089_jpg.rf.01a429ba87e463d736e5f44c0ed43fc2.jpg
04-05-2024-17-CIUDAD-COLON-1-2-202_cortado_mp4-0090_jpg.rf.95cd5d943e78b37fbe9bdfc8d950eb1d.jpg
04-05-2024-17-CIUDAD-COLON-1-2-202_cortado_mp4-0095_jpg.rf.035ba58661ecfe32a6be9894a33f8702.jpg
04-05-2024-17-CIUDAD-COLON-1-2-202_cortado_mp4-0096_jpg.rf.4f1dbb5ddc15112fd2434b091bb5ca4c.jpg
04-05-2024-17-CIUDAD-COLON-1-2-202_cortado_mp4-0098_jpg.rf.137f5b3544f5de944805b1b9d676e49b.jpg
04-05-2024-17-CIUDAD-COLON-1-2-202_cortado_mp4-0099_jpg.rf.c37384cc2156625384ca1798004ae91f.jpg
04-05-2024-17-CIUDAD-COLON-1-2-202_cortado_mp4-0101_jpg.rf.18c8ca0ff92840e3f39e6648423e4d6d.jpg
04-05-2024-17-CIUDAD-COLON-1-2-202_cortado_mp4-0102_jpg.rf.3a7a1fe9a30f04b4b48527cc6139f06d.jpg
04-05-2024-17-CIUDAD-COLON-1-2-202_cortado_mp4-0103_jpg.rf.65b57897fa0e19bc0f923389f38e1559.jpg
04-05-2024-17-CIUDAD-COLON-1-2-202_cortado_mp4-0108_jpg.rf.a9b5e053bbb856fa2bdccfaca4441617.jpg
04-05-2024-17-CIUDAD-COLON-1-2-202_cortado_mp4-0110_jpg.rf.37fff0c0b37b0f335ad685ad2c8c5239.jpg
04-05-2024-17-CIUDAD-COLON-1-2-202_cortado_mp4-0111_jpg.rf.67cdf057c6aa7e020695673b8329cab2.jpg
04-05-2024-17-CIUDAD-COLON-1-2-202_cortado_mp4-0112_jpg.rf.51631d04bb5ebe7abe5b150842c5666e.jpg
04-05-2024-17-CIUDAD-COLON-1-2-202_cortado_mp4-0115_jpg.rf.9aa77ef31b7f1b5275bba8320f544e48.jpg
04-05-2024-17-CIUDAD-COLON-1-2-202_cortado_mp4-0116_jpg.rf.6302ad8bd099c58948edcb4c3709069c.jpg
04-05-2024-17-CIUDAD-COLON-1-2-202_cortado_mp4-0117_jpg.rf.031b4569defb3a328eff46686de8a94e.jpg
04-05-2024-17-CIUDAD-COLON-1-2-202_cortado_mp4-0118_jpg.rf.0e6eb4dc303e8cba063daf709e52c512.jpg
04-05-2024-17-CIUDAD-COLON-1-2-202_cortado_mp4-0119_jpg.rf.2893ebc2e1bd6235c4863644aec1a0be.jpg
04-05-2024-17-CIUDAD-COLON-1-2-202_cortado_mp4-0123_jpg.rf.519b550d96d571ec9feddf4ed1556f3d.jpg
04-05-2024-17-CIUDAD-COLON-1-2-202_cortado_mp4-0125_jpg.rf.c5db6526a48f474dfa7b2a7b7a291bca.jpg
04-05-2024-17-CIUDAD-COLON-1-2-202_cortado_mp4-0127_jpg.rf.3c6fd6cc32aa795e5cb94c83fc3e4a98.jpg
04-05-2024-17-CIUDAD-COLON-1-2-202_cortado_mp4-0128_jpg.rf.e4c8601717431994411f94799a73ec14.jpg
04-05-2024-17-CIUDAD-COLON-1-2-202_cortado_mp4-0129_jpg.rf.9e96f9d23d375d72b0435675e059709a.jpg
04-05-2024-17-CIUDAD-COLON-1-2-202_cortado_mp4-0131_jpg.rf.dab23ebda596184e71974ef9b6326a56.jpg
04-05-2024-17-CIUDAD-COLON-1-2-202_cortado_mp4-0132_jpg.rf.c275fc99e5d44f6cc143ee116395d1bd.jpg
04-05-2024-17-CIUDAD-COLON-1-2-202_cortado_mp4-0133_jpg.rf.305b2767074bd197848fa4f2a9c39dcb.jpg
04-05-2024-17-CIUDAD-COLON-1-2-202_cortado_mp4-0135_jpg.rf.640db14e91e3eee8dee99649726ac369.jpg
04-05-2024-17-CIUDAD-COLON-1-2-202_cortado_mp4-0136_jpg.rf.0cb9f08cbe3f44fe1f9cc34a51ffa293.jpg
04-05-2024-17-CIUDAD-COLON-1-2-202_cortado_mp4-0137_jpg.rf.1c1db2091ec6b82a3e185c0e244ee4f6.jpg
04-05-2024-17-CIUDAD-COLON-1-2-202_cortado_mp4-0139_jpg.rf.9839390a085d1aef099379dae206a7c4.jpg
04-05-2024-17-CIUDAD-COLON-1-2-202_cortado_mp4-0140_jpg.rf.d57a4c75ba1f482f5bb1f98c6941440d.jpg
04-05-2024-17-CIUDAD-COLON-1-2-202_cortado_mp4-0145_jpg.rf.ac838274dbe76501237a0ff21ae8d2fe.jpg
04-05-2024-17-CIUDAD-COLON-1-2-202_cortado_mp4-0147_jpg.rf.d6865a021934c34535e6b6fcf26970bc.jpg
04-05-2024-17-CIUDAD-COLON-1-2-202_cortado_mp4-0149_jpg.rf.b7cd1c0466bbf621b4e1e4cc95a69f1d.jpg
04-05-2024-17-CIUDAD-COLON-1-2-202_cortado_mp4-0150_jpg.rf.7b82fa710e7473104d7958c167581ff5.jpg
04-05-2024-17-CIUDAD-COLON-1-2-202_cortado_mp4-0151_jpg.rf.70c9a43e76cdec911396c945658eb8dc.jpg
04-05-2024-17-CIUDAD-COLON-1-2-202_cortado_mp4-0152_jpg.rf.49a4464c8351994ab1ea9ffe8aab992d.jpg
04-05-2024-17-CIUDAD-COLON-1-2-202_cortado_mp4-0153_jpg.rf.69b0d8935c5bdbfa63a5c2bb69faa01a.jpg
0403caff-f128-4ec2-9834-695ad6497b29_jpg.rf.f093af3a16b839f6e33752ac267fb573.jpg
04125c50-5a82-46af-8991-94bb6c4872a7_jpg.rf.79ebf9388a6873a5997a27cd99bc83bf.jpg
044723ff-1c43-413e-bd98-3fab99260477_jpg.rf.48a9a960b74b8bd358fced06750b916e.jpg
04555e34-a2e3-41d7-841c-a91d34be5966_jpg.rf.9ded557ef6e5b22a084a2ac3aff515b0.jpg
045b31d1-1711-47c9-84b2-b83a6de7fc8d_jpg.rf.f36e74655b22fa1f60409871c1e0ac17.jpg
045d569f-704b-49ee-8ab1-1fadc20a08d5_jpg.rf.4c82f18cd462d5b1a1aa758b2c11a788.jpg
0487176d-4af9-46b7-85f8-c00ea52d4f00_jpg.rf.be6b1b5a5514aa538807cc38c692cdd5.jpg
048cb884-4897-4cc1-bedb-b7f34dc442d2_jpg.rf.e33c5f9e8478b46d46a0d660f6795293.jpg
048ebb91-2d9b-445f-a326-fe684a123a99_jpg.rf.cf6f3132894476b20c1aba2b58e5508b.jpg
049295a5-5fc6-4260-8bae-89ebf25c33f2_jpg.rf.f4c48dd2fcbcd123a3eef44ce09cb81d.jpg
049c655c-53ff-4c68-9611-4d934515256e_jpg.rf.7739dabc17df170a5b132c105813a5ee.jpg
04f2361b-253e-41da-b6c1-4a76a56f9b6e_jpg.rf.e19267f9a5cd0c1775c697d867683cd0.jpg
05-05-2024-14-CIUDAD-COLON-1-2-203_corte1_mp4-0003_jpg.rf.5cb3d2ae7068da92187fbe1e51d7bfde.jpg
05-05-2024-14-CIUDAD-COLON-1-2-203_corte1_mp4-0004_jpg.rf.8339b9b79031ab8d65f06b3d587656c5.jpg
05-05-2024-14-CIUDAD-COLON-1-2-203_corte1_mp4-0005_jpg.rf.167bae1654c044d30abd261acd1a47d0.jpg
05-05-2024-14-CIUDAD-COLON-1-2-203_corte1_mp4-0006_jpg.rf.abdfcbc0b7899d68610a94ccb01d61b9.jpg
05-05-2024-14-CIUDAD-COLON-1-2-203_corte1_mp4-0007_jpg.rf.007946b58fe6d6c6be993e6c84cf4a58.jpg
05-05-2024-14-CIUDAD-COLON-1-2-203_corte1_mp4-0010_jpg.rf.799d4193af2f2092a1e1a53a0bc7757a.jpg
05-05-2024-14-CIUDAD-COLON-1-2-203_corte1_mp4-0012_jpg.rf.948712dd28037abf3059756effe27a2c.jpg
05-05-2024-14-CIUDAD-COLON-1-2-203_corte1_mp4-0014_jpg.rf.eb8d1f7a70afeb3def57d9938f571ca8.jpg
05-05-2024-14-CIUDAD-COLON-1-2-203_corte1_mp4-0016_jpg.rf.703be878a0221bac07e08401e500b840.jpg
05-05-2024-14-CIUDAD-COLON-1-2-203_corte1_mp4-0019_jpg.rf.dfdd9fd0f4ff7a6f3a85e8c9b0ab111c.jpg
05-05-2024-14-CIUDAD-COLON-1-2-203_corte1_mp4-0030_jpg.rf.706a03220712d172bdfb3fadfd581cef.jpg
05-05-2024-14-CIUDAD-COLON-1-2-203_corte1_mp4-0031_jpg.rf.bb6930e1b1d3df059652108bbca31964.jpg
05-05-2024-14-CIUDAD-COLON-1-2-203_corte1_mp4-0033_jpg.rf.4f1e71a79ad6cf7b704a338f2d0a6ec6.jpg
05-05-2024-14-CIUDAD-COLON-1-2-203_corte1_mp4-0034_jpg.rf.b74bb32653f32e089b86a6e930e4998d.jpg
05-05-2024-14-CIUDAD-COLON-1-2-203_corte1_mp4-0036_jpg.rf.74001e76bf542766bea3226e308ad149.jpg
05-05-2024-14-CIUDAD-COLON-1-2-203_corte1_mp4-0039_jpg.rf.c53b663e57e769ffd2b7abf2ecd55dd2.jpg
05-05-2024-14-CIUDAD-COLON-1-2-203_corte1_mp4-0040_jpg.rf.130dee0390543661cc965a16ab4eab74.jpg
05-05-2024-14-CIUDAD-COLON-1-2-203_corte1_mp4-0041_jpg.rf.e8e6cf27ec133be73085f68c68a0f1a1.jpg
05-05-2024-14-CIUDAD-COLON-1-2-203_corte1_mp4-0047_jpg.rf.5c34b393a26fe0323bbece74ebe1836e.jpg
05-05-2024-14-CIUDAD-COLON-1-2-203_corte1_mp4-0087_jpg.rf.8c1fc984298c47468fda6284672676d0.jpg
05-05-2024-14-CIUDAD-COLON-1-2-203_corte1_mp4-0088_jpg.rf.bd382dbd31570359a4dc2a95710bf76d.jpg
05-05-2024-14-CIUDAD-COLON-1-2-203_corte1_mp4-0089_jpg.rf.1f0b8bb4561c6e5c9470bccf926e663d.jpg
05-05-2024-14-CIUDAD-COLON-1-2-203_corte1_mp4-0091_jpg.rf.0a040c2a23f97e5da12bb6ad91cb4e40.jpg
05-05-2024-14-CIUDAD-COLON-1-2-203_corte1_mp4-0093_jpg.rf.c27676718175fb0d8bd4d3f6586de342.jpg
05-05-2024-14-CIUDAD-COLON-1-2-203_corte1_mp4-0095_jpg.rf.1614e9d47a8c581e440800a8a346d873.jpg
05-05-2024-14-CIUDAD-COLON-1-2-203_corte1_mp4-0096_jpg.rf.c6dcc92c3cb7d333721f23586c05bfcf.jpg
05-05-2024-14-CIUDAD-COLON-1-2-203_corte1_mp4-0111_jpg.rf.a8907e5d008ad8a69069754e33c9b196.jpg
05-05-2024-14-CIUDAD-COLON-1-2-203_corte1_mp4-0114_jpg.rf.6459ac26b2962720452b5ee15122479c.jpg
05-05-2024-14-CIUDAD-COLON-1-2-203_corte1_mp4-0116_jpg.rf.11f753700a7f33132337172a88a796b8.jpg
05-05-2024-14-CIUDAD-COLON-1-2-203_corte1_mp4-0119_jpg.rf.ce61a50483ec951f92fab6dbad22be3a.jpg
05-05-2024-14-CIUDAD-COLON-1-2-203_corte1_mp4-0120_jpg.rf.e15834266fb115f2290029dd1c62c3e1.jpg
05-05-2024-14-CIUDAD-COLON-1-2-203_corte1_mp4-0121_jpg.rf.cf8ddb50f16dc3272cd966e1c38283d9.jpg
05-05-2024-14-CIUDAD-COLON-1-2-203_corte1_mp4-0123_jpg.rf.8b310c1a8a80fdffcfb0ca888b58377f.jpg
05-05-2024-14-CIUDAD-COLON-1-2-203_corte1_mp4-0124_jpg.rf.15d16f74ca1cccad70b4dc1c92a0298f.jpg
05-05-2024-14-CIUDAD-COLON-1-2-203_corte1_mp4-0125_jpg.rf.e48f3cf839ddf7a10e7556ca0b941655.jpg
05-05-2024-14-CIUDAD-COLON-1-2-203_corte1_mp4-0127_jpg.rf.b55f639acc04ae11ec103906d69e32a4.jpg
05-05-2024-14-CIUDAD-COLON-1-2-203_corte1_mp4-0128_jpg.rf.cf08e97abd2ed4ec7d0e11a383611822.jpg
05-05-2024-14-CIUDAD-COLON-1-2-203_corte1_mp4-0129_jpg.rf.4abae13692166793dbbc0b15cf47d7a4.jpg
05-05-2024-14-CIUDAD-COLON-1-2-203_corte1_mp4-0130_jpg.rf.3ce1ca41a4f1d733bb873eabb3b733d2.jpg
05-05-2024-14-CIUDAD-COLON-1-2-203_corte1_mp4-0131_jpg.rf.b8a978c07a9065ffc83dda3c7dbcb58d.jpg
05-05-2024-14-CIUDAD-COLON-1-2-203_corte1_mp4-0132_jpg.rf.dd85010dd31d7fbe2c320b79fbafb522.jpg
05-05-2024-14-CIUDAD-COLON-1-2-203_corte1_mp4-0133_jpg.rf.cc77a59f8fb427f767ef5149de384e40.jpg
05-05-2024-14-CIUDAD-COLON-1-2-203_corte1_mp4-0134_jpg.rf.1122a7698a77476d145f049c99692e54.jpg
05-05-2024-14-CIUDAD-COLON-1-2-203_corte1_mp4-0135_jpg.rf.b78a55f7a94b5c0bccce36e980c3022b.jpg
05-05-2024-14-CIUDAD-COLON-1-2-203_corte1_mp4-0136_jpg.rf.8cd5a408529a126b3e11ad0e5303f4c8.jpg
05-05-2024-14-CIUDAD-COLON-1-2-203_corte1_mp4-0137_jpg.rf.8a90936cb83310f3e59eabcb662d1aea.jpg
05-05-2024-14-CIUDAD-COLON-1-2-203_corte1_mp4-0138_jpg.rf.6cb0f2ae71a143e3fed3be0a4825c32d.jpg
05-05-2024-14-CIUDAD-COLON-1-2-203_corte1_mp4-0140_jpg.rf.6a2c9698a76f7f946f864a8099e67c7a.jpg
05-05-2024-14-CIUDAD-COLON-1-2-203_corte1_mp4-0141_jpg.rf.fc5f73c37e94ce8e55c86e8898d05f3c.jpg
05-05-2024-14-CIUDAD-COLON-1-2-203_corte1_mp4-0147_jpg.rf.7e51b922ed1bfaf7b2eb39c9faede0e4.jpg
05-05-2024-14-CIUDAD-COLON-1-2-203_corte1_mp4-0190_jpg.rf.762da9fa77fc3730fa940d91c471fdf8.jpg
05-05-2024-14-CIUDAD-COLON-1-2-203_corte1_mp4-0191_jpg.rf.df6c4bbb73d519af6178bda4d9003a0f.jpg
05-05-2024-14-CIUDAD-COLON-1-2-203_corte1_mp4-0193_jpg.rf.d601650bdfd6c850a76a12d6a6e04da0.jpg
05-05-2024-14-CIUDAD-COLON-1-2-203_corte1_mp4-0194_jpg.rf.17f15aaaa196b790bc9067bf03e4d8ae.jpg
05-05-2024-14-CIUDAD-COLON-1-2-203_corte1_mp4-0195_jpg.rf.9b1b3b831f4653dae9bb50746abb775b.jpg
05-05-2024-14-CIUDAD-COLON-1-2-203_corte1_mp4-0196_jpg.rf.78f1d2762155cd89b5ad2ec8dd476203.jpg
05-05-2024-14-CIUDAD-COLON-1-2-203_corte1_mp4-0198_jpg.rf.a2578e180907afc4a23fa67815dea837.jpg
05-05-2024-14-CIUDAD-COLON-1-2-203_corte1_mp4-0211_jpg.rf.1eb097c7d94c9b641fe0cfe5d26fe1c6.jpg
05-05-2024-14-CIUDAD-COLON-1-2-203_corte1_mp4-0212_jpg.rf.7f3c88ce8bab589e75a4dc0cc220dc8c.jpg
05-05-2024-14-CIUDAD-COLON-1-2-203_corte1_mp4-0214_jpg.rf.4c1194a1878d2d4a260473fa47fd0dc6.jpg
05-05-2024-14-CIUDAD-COLON-1-2-203_corte1_mp4-0215_jpg.rf.7ae043953d48f77840637085c2b7c8d5.jpg
05-05-2024-14-CIUDAD-COLON-1-2-203_corte1_mp4-0216_jpg.rf.760122ab9dfcce2b1b1e20866ccaf36a.jpg
05-05-2024-14-CIUDAD-COLON-1-2-203_corte1_mp4-0217_jpg.rf.978681e18f017b83848cbd6717e11a57.jpg
05-05-2024-14-CIUDAD-COLON-1-2-203_corte1_mp4-0218_jpg.rf.1c445be3edfdfd6bde83c0dd149cb343.jpg
05-05-2024-14-CIUDAD-COLON-1-2-203_corte1_mp4-0219_jpg.rf.99589b39d198c4540c2882ea483a8d9e.jpg
05-05-2024-14-CIUDAD-COLON-1-2-203_corte1_mp4-0220_jpg.rf.e8a70b5a79a8e11156d3a271168189b4.jpg
05-05-2024-14-CIUDAD-COLON-1-2-203_corte1_mp4-0221_jpg.rf.0dafb8348912baf0c79c76ff5ac295ce.jpg
05-05-2024-14-CIUDAD-COLON-1-2-203_corte1_mp4-0223_jpg.rf.c2f5860a1b2e8ee679c7436f149c1ec3.jpg
05-05-2024-14-CIUDAD-COLON-1-2-203_corte1_mp4-0224_jpg.rf.7f7260e065549826d5e708b278764a60.jpg
05-05-2024-14-CIUDAD-COLON-1-2-203_corte1_mp4-0225_jpg.rf.cae996c0029df388fd51db33fbe9f6b7.jpg
05-05-2024-14-CIUDAD-COLON-1-2-203_corte1_mp4-0231_jpg.rf.fcf2a2a381e2db502908220116e8ece9.jpg
05-05-2024-14-CIUDAD-COLON-1-2-203_corte1_mp4-0232_jpg.rf.5b67ceecd13bf1d477a954d6c21edb10.jpg
05-05-2024-14-CIUDAD-COLON-1-2-203_corte1_mp4-0234_jpg.rf.d048ec0f905f2d54ede3b4fae1783fe8.jpg
05-05-2024-14-CIUDAD-COLON-1-2-203_corte1_mp4-0235_jpg.rf.7f5a15f52c3db1f13099e9f47a16be59.jpg
05-05-2024-14-CIUDAD-COLON-1-2-203_corte1_mp4-0236_jpg.rf.0d5d5d4b96c6e8b7f883d10ddc8e255f.jpg
05-05-2024-14-CIUDAD-COLON-1-2-203_corte1_mp4-0238_jpg.rf.b61ac1aa836116b5fae9a24cf9fbc686.jpg
05-05-2024-14-CIUDAD-COLON-1-2-203_corte1_mp4-0251_jpg.rf.87df155aead1e21e579df3a1bbf54150.jpg
05-05-2024-14-CIUDAD-COLON-1-2-203_corte1_mp4-0252_jpg.rf.96d6b523025e1f1d0a26dcdccc37374e.jpg
05-05-2024-14-CIUDAD-COLON-1-2-203_corte1_mp4-0253_jpg.rf.6742ade57f4729ee1468400a4f307b6b.jpg
05-05-2024-14-CIUDAD-COLON-1-2-203_corte1_mp4-0254_jpg.rf.cf3ed97e5986b8c22fa07b9eed646775.jpg
05-05-2024-14-CIUDAD-COLON-1-2-203_corte1_mp4-0257_jpg.rf.c8935c96bcc04f131e7f3d38fbf3c0a1.jpg
05-05-2024-14-CIUDAD-COLON-1-2-203_corte1_mp4-0258_jpg.rf.48cd8ffc6c720a52397acfce01b55619.jpg
05-05-2024-14-CIUDAD-COLON-1-2-203_corte1_mp4-0261_jpg.rf.aabaefa64718dd04dff77c18cc68897f.jpg
05-05-2024-14-CIUDAD-COLON-1-2-203_corte1_mp4-0262_jpg.rf.c6208f3183c48daf6484ba899bcb2348.jpg
05-05-2024-14-CIUDAD-COLON-1-2-203_corte1_mp4-0263_jpg.rf.036fcd7d1ca87847c9a378ff86d7dedb.jpg
05-05-2024-14-CIUDAD-COLON-1-2-203_corte1_mp4-0266_jpg.rf.79220d5da781015f5baa57fb70ee34a9.jpg
05-05-2024-14-CIUDAD-COLON-1-2-203_corte1_mp4-0282_jpg.rf.30024b1dbcae10a19ccd6ec51451d90c.jpg
05-05-2024-14-CIUDAD-COLON-1-2-203_corte1_mp4-0284_jpg.rf.14228c665316b29fd60d652aec859c52.jpg
05-05-2024-14-CIUDAD-COLON-1-2-203_corte1_mp4-0285_jpg.rf.77c1e8b6142bea2f382215e6d1ed004a.jpg
05-05-2024-14-CIUDAD-COLON-1-2-203_corte1_mp4-0286_jpg.rf.f1563e210a3e755662d285ff2fd037b7.jpg
05-05-2024-14-CIUDAD-COLON-1-2-203_corte1_mp4-0290_jpg.rf.38d285a87f43692c44233b94f7f4599b.jpg
05-05-2024-14-CIUDAD-COLON-1-2-203_corte1_mp4-0291_jpg.rf.302e4155261066bfa2bc36dac769eda7.jpg
05-05-2024-14-CIUDAD-COLON-1-2-203_corte1_mp4-0292_jpg.rf.4a348ab4465b133149767300d0a28128.jpg
05-05-2024-14-CIUDAD-COLON-1-2-203_corte1_mp4-0294_jpg.rf.a4720a58abd138399d840ef458b78917.jpg
05-05-2024-14-CIUDAD-COLON-1-2-203_corte1_mp4-0295_jpg.rf.e199e698779134acada9313b1ebcfcd6.jpg
05-05-2024-14-CIUDAD-COLON-1-2-203_corte1_mp4-0298_jpg.rf.17eae49ec5b28e47425155fdfb066c2a.jpg
05-05-2024-14-CIUDAD-COLON-1-2-203_corte1_mp4-0299_jpg.rf.2a9bee4c769f3ef8ebca49691df1662b.jpg
05-05-2024-14-CIUDAD-COLON-1-2-203_corte1_mp4-0301_jpg.rf.714419f051889d166e6a9db317ac16f3.jpg
05-05-2024-14-CIUDAD-COLON-1-2-203_corte1_mp4-0302_jpg.rf.a7de18707bbd2e2f9a9647c2981fb1c5.jpg
05-05-2024-14-CIUDAD-COLON-1-2-203_corte1_mp4-0303_jpg.rf.54cf61add523781fc1bf3d1f96f96015.jpg
05-05-2024-14-CIUDAD-COLON-1-2-203_corte1_mp4-0304_jpg.rf.17c8c6811486a2cb2869a54461f30581.jpg
05-05-2024-14-CIUDAD-COLON-1-2-203_corte1_mp4-0306_jpg.rf.9c54f1fb1ec3d5e8aae8071004c490ce.jpg
05-05-2024-14-CIUDAD-COLON-1-2-203_corte1_mp4-0307_jpg.rf.479b20d3c223406b47028367726b4968.jpg
05-05-2024-14-CIUDAD-COLON-1-2-203_corte1_mp4-0308_jpg.rf.036d45a77d0989eaf3704089c4175263.jpg
05-05-2024-14-CIUDAD-COLON-1-2-203_corte1_mp4-0322_jpg.rf.f074e3e468b7d45db212cc001dff2c45.jpg
05-05-2024-14-CIUDAD-COLON-1-2-203_corte1_mp4-0323_jpg.rf.fa18cf52191c84950093a565c3f30377.jpg
05-05-2024-14-CIUDAD-COLON-1-2-203_corte1_mp4-0325_jpg.rf.40a8fbca607019aa8cbb4b985a9077a2.jpg
05-05-2024-14-CIUDAD-COLON-1-2-203_corte1_mp4-0326_jpg.rf.edcc1467168c93a6c1b764140a7d170f.jpg
05-05-2024-14-CIUDAD-COLON-1-2-203_corte1_mp4-0327_jpg.rf.7a985a1aca2ede0d69a19fbcd359dbfb.jpg
05-05-2024-14-CIUDAD-COLON-1-2-203_corte1_mp4-0328_jpg.rf.74050af6fe2e5571979ba5281e6f713b.jpg
05-05-2024-14-CIUDAD-COLON-1-2-203_corte1_mp4-0329_jpg.rf.d4e5563db2adaa43e7b70ef4ef4f1a26.jpg
05-05-2024-14-CIUDAD-COLON-1-2-203_corte1_mp4-0330_jpg.rf.649cea2e29afe324937b32833c36f139.jpg
05-05-2024-14-CIUDAD-COLON-1-2-203_corte1_mp4-0331_jpg.rf.a0852b37b3f927112990c2286c4d4ba4.jpg
05-05-2024-14-CIUDAD-COLON-1-2-203_corte1_mp4-0332_jpg.rf.84943de634da1348bf27e17fa90f729e.jpg
05-05-2024-14-CIUDAD-COLON-1-2-203_corte1_mp4-0335_jpg.rf.ee37398818cc707ca21ae45c69d719f3.jpg
05-05-2024-14-CIUDAD-COLON-1-2-203_corte1_mp4-0337_jpg.rf.7071e4264a676b5ca7c7fb4202519fa9.jpg
05058d1d-ddf4-4b6d-a3b5-2b9f68bdc6df_jpg.rf.89e4052e2dff3ac4d1da2de5575eb9aa.jpg
05096377-f3d3-40b2-b137-aab0c7539ab3_jpg.rf.0d94a61cfe8cc8cb66cad5b6677afddb.jpg
051dd44d-dda0-41c4-a0d1-f87478f54bf1_jpg.rf.26b37a8d7520fc8347c6cac6b2550fa8.jpg
054c68eb-b30a-4462-a8e7-36f945ca774b_jpg.rf.b2cba9c4fff269abdb55cc13039f6a1b.jpg
0555d340-e9a1-409e-8f54-f7470dfd678a_jpg.rf.3c6efcb8a0c7592ec474e752421b76c2.jpg
055d2d3c-3608-444e-801a-3297684e7605_jpg.rf.d8490ab07fdd8fc30a94c70bf601085a.jpg
0580a10a-53ff-429e-ac4e-a0f0b3d900a2_jpg.rf.534b1b9050d51c693e6be509d400ed50.jpg
058abc90-3c3a-473f-9507-9fa16e11cedf_jpg.rf.aca783c49be3213b4be35675c7dcbcb0.jpg
058cd500-50f5-4a7f-a0b9-bb40b6b5c81a_jpg.rf.cb92eff800381505cad3c9444989fe0a.jpg
0593b3d4-0c43-422a-b2ee-e8adfd476269_jpg.rf.0d7d30f5f501121451db337bf4d73820.jpg
059914c0-4424-4d43-9958-d17586429e06_jpg.rf.41098804843038bfe728ad0f00961900.jpg
059b16ca-cab2-4890-8848-f84a82933404_jpg.rf.89e2e61dccff000619fa46bbcf948060.jpg
05a04c5f-a648-4af4-aebb-2ea96f44673a_jpg.rf.26d73997308444904f010de33c6ab3bc.jpg
05a3e8ca-20ce-40d5-9f68-b18f02c6dfa6_jpg.rf.ae7f65bb821ca4de8ceaccb38b3dcefb.jpg
05aa08a9-7259-4e1f-8dfd-dd51d83dfeca_jpg.rf.b91b50805d5e2fa9cc99a7a5b5ba0418.jpg
05bc5385-5287-421d-9f9e-e2a3ef86b806_jpg.rf.c707b2ede98729a92e1f6148c693f4e7.jpg
05e1376f-4b1a-40aa-a11f-6a2f05e2fe7f_jpg.rf.214e894086badddc5442dc3e4517a567.jpg
06-06-2024-12-CIUDAD-COLON-1-2-205_mp4-0006_jpg.rf.48af5df18c98e10a8cbaa2c46c26d7b6.jpg
06-06-2024-12-CIUDAD-COLON-1-2-205_mp4-0007_jpg.rf.214b7bc6a2dd6b567c44a013ba00c88c.jpg
06-06-2024-12-CIUDAD-COLON-1-2-205_mp4-0009_jpg.rf.0a0936ad46262a3f5bdf75619b47abd6.jpg
06-06-2024-12-CIUDAD-COLON-1-2-205_mp4-0010_jpg.rf.ab71a8ec893ba7cb73ae642ef17229ec.jpg
06-06-2024-12-CIUDAD-COLON-1-2-205_mp4-0019_jpg.rf.f9dfc72d8bc3b6cf22d858954a62bef4.jpg
06-06-2024-12-CIUDAD-COLON-1-2-205_mp4-0023_jpg.rf.f1e9744207367f30abbeb6b3424280da.jpg
06-06-2024-12-CIUDAD-COLON-1-2-205_mp4-0025_jpg.rf.e29bb6e7c7bd2a37f19d60a84fe333af.jpg
06-06-2024-12-CIUDAD-COLON-1-2-205_mp4-0026_jpg.rf.6b38b4782bcaac678e73f4893c38758b.jpg
06-06-2024-12-CIUDAD-COLON-1-2-205_mp4-0027_jpg.rf.6d353328bfa63d499461a05fe5812975.jpg
06-06-2024-12-CIUDAD-COLON-1-2-205_mp4-0028_jpg.rf.c6035571eb1a3b7d1c16b6b5569d923e.jpg
06-06-2024-12-CIUDAD-COLON-1-2-205_mp4-0029_jpg.rf.480e2fd040ba7af4ae5930079a9fd98e.jpg
06-06-2024-12-CIUDAD-COLON-1-2-205_mp4-0030_jpg.rf.6f1a29eba17e52dbbd61ef86f6517458.jpg
06-06-2024-12-CIUDAD-COLON-1-2-205_mp4-0037_jpg.rf.36edbaa4c4e55cfe2bec266df904a6bf.jpg
06-06-2024-12-CIUDAD-COLON-1-2-205_mp4-0038_jpg.rf.c84d4e9fbfaccd13b6918eaefd57f6c9.jpg
06-06-2024-12-CIUDAD-COLON-1-2-205_mp4-0039_jpg.rf.667249745d3b72034687d53ae374ed1b.jpg
06-06-2024-12-CIUDAD-COLON-1-2-205_mp4-0040_jpg.rf.5da21c7f60eee0b47566f24ceddb290f.jpg
06-06-2024-12-CIUDAD-COLON-1-2-205_mp4-0041_jpg.rf.0977d6ca7817423c24b6cb645c487fa8.jpg
06-06-2024-12-CIUDAD-COLON-1-2-205_mp4-0053_jpg.rf.08f25487c734bba8589d8970b14aaec7.jpg
06-06-2024-12-CIUDAD-COLON-1-2-205_mp4-0054_jpg.rf.8dbbd162511c075cd9ec3433aec49676.jpg
06-06-2024-12-CIUDAD-COLON-1-2-205_mp4-0055_jpg.rf.b50789937c4cadeef02257edebf07cdc.jpg
06-06-2024-12-CIUDAD-COLON-1-2-205_mp4-0061_jpg.rf.24439d13312a24eb05f8ed8a5c7c5abf.jpg
06-06-2024-12-CIUDAD-COLON-1-2-205_mp4-0076_jpg.rf.cd0af377b6fe92dbeee7216159e3e8fd.jpg
06-06-2024-12-CIUDAD-COLON-1-2-205_mp4-0078_jpg.rf.3ddb145b2da0bb072cc8fc09106f26b2.jpg
06-06-2024-12-CIUDAD-COLON-1-2-205_mp4-0096_jpg.rf.e0a56596e15d6c40996f86f78c759964.jpg
06-06-2024-12-CIUDAD-COLON-1-2-205_mp4-0097_jpg.rf.5d29e2327e28e58e2656e422ff103ced.jpg
06-06-2024-12-CIUDAD-COLON-1-2-205_mp4-0098_jpg.rf.0ae85f6eeb1c86bed33cc77d28620d7b.jpg
06-06-2024-12-CIUDAD-COLON-1-2-205_mp4-0099_jpg.rf.cef949e930617212a31ba6cf7eaf5508.jpg
06-06-2024-12-CIUDAD-COLON-1-2-205_mp4-0102_jpg.rf.834b9b8f3f7e40740eae871b9e520059.jpg
06-06-2024-12-CIUDAD-COLON-1-2-205_mp4-0103_jpg.rf.9144216265cea891547c12b347aed2ec.jpg
06-06-2024-12-CIUDAD-COLON-1-2-205_mp4-0115_jpg.rf.d5afbefdc3f89dd2365d3cad3c0239b9.jpg
06-06-2024-12-CIUDAD-COLON-1-2-205_mp4-0117_jpg.rf.09e63655018abfa8c41386e87a22bf01.jpg
06-06-2024-12-CIUDAD-COLON-1-2-205_mp4-0121_jpg.rf.fc5544fc7e9b133e6d6272c13fe928e9.jpg
06-06-2024-12-CIUDAD-COLON-1-2-205_mp4-0122_jpg.rf.20bdcea2d91b1952249023424e451708.jpg
06-06-2024-12-CIUDAD-COLON-1-2-205_mp4-0123_jpg.rf.03473f4712b1de124eb3b21381cb13ed.jpg
06-06-2024-12-CIUDAD-COLON-1-2-205_mp4-0125_jpg.rf.e3db12735d193def392c488134134a90.jpg
06-06-2024-12-CIUDAD-COLON-1-2-205_mp4-0126_jpg.rf.3d494769f9a7e8874e60cb0f2017f3a5.jpg
06-06-2024-12-CIUDAD-COLON-1-2-205_mp4-0127_jpg.rf.cfda116519ca23f3c8ded64f282fc8ea.jpg
06-06-2024-12-CIUDAD-COLON-1-2-205_mp4-0140_jpg.rf.de6ee1ec4b7056adab207a28abaeb7c8.jpg
06-06-2024-12-CIUDAD-COLON-1-2-205_mp4-0141_jpg.rf.994291e96d88d79fecc8b79db2546054.jpg
06-06-2024-12-CIUDAD-COLON-1-2-205_mp4-0142_jpg.rf.398cf56afe2d3afac20112aab2868c3d.jpg
06-06-2024-12-CIUDAD-COLON-1-2-205_mp4-0143_jpg.rf.6f99e231bea3573d53a29a36db4f8cc9.jpg
06-06-2024-12-CIUDAD-COLON-1-2-205_mp4-0144_jpg.rf.b9eda634904a4218b6d1e01967988c39.jpg
06-06-2024-12-CIUDAD-COLON-1-2-205_mp4-0145_jpg.rf.499746b58b1666a8e0dc0557656af43c.jpg
06-06-2024-12-CIUDAD-COLON-1-2-205_mp4-0146_jpg.rf.d355cbae8f0640e6b68f07b9f26ca050.jpg
060001a7-a165-43d6-8689-9435ce451d41_jpg.rf.aa64611674b8a3ddcbe5fb973c3dbada.jpg
060061d2-148f-4419-aca5-dd40eef93afe_jpg.rf.e17464ed65538c9b950512057dad06b8.jpg
0606c60c-ade4-48fd-8eeb-64002cffd87a_jpg.rf.cd335305d4f000ad86756506619c4cae.jpg
060c8160-e5fe-45b7-bcf2-700dac0187ef_jpg.rf.19d59d1935a720eb0b2c06a6745a0a3c.jpg
0617a23c-8ce0-4a58-b9e8-9a6f5af90cb1_jpg.rf.3ecf61d1ee0e4a3d87423c2dcbcd91ee.jpg
061bdb51-7c50-4cc3-9567-cf6e73d9e4f4_jpg.rf.ca1de70a00751a7317a1bcdbda69dfd4.jpg
061fcaa7-dea3-43ab-af23-793911c33466_jpg.rf.f219fcabc53c597d2cae3244c6621dbe.jpg
06262300-2e2d-49b5-923d-fa8d3c6eca28_jpg.rf.551bc5aaccd41a2a3a380037639f6e21.jpg
063262fd-8e9f-4a08-af22-7114b7a3b479_jpg.rf.93b8fab23b65cc685ec5b3183ecd4d68.jpg
0637aa52-c31a-4950-bf9a-2110fed12542_jpg.rf.50a503c4efa2dac9180253233545efba.jpg
06618e0d-117e-4183-962f-0273ba76f479_jpg.rf.b2b25e8f6d019ffedc7a87d959f9663f.jpg
068c3120-3048-4a83-b9d3-aa88b5a17838_jpg.rf.1c25519cd2d2472b31733e51e070f1a5.jpg
069d5e09-6362-474a-9161-31028c9fbf1f_jpg.rf.14d867498d7133c79ba734ec1bd39fd3.jpg
06acc416-6f6e-4f25-8768-87c6f753c301_jpg.rf.eb27ab3c1e6d3451d940f0af24824db0.jpg
06ba9a0c-7264-4456-82ef-f68c7fc7f8f3_jpg.rf.9b11deca8ea63cf513a3ea2c541029b5.jpg
06d0b65b-7573-4926-8ef9-5b4f711098af_jpg.rf.1df7cb50b2673970266cd941c035b82c.jpg
06d1ef46-db5d-489d-87eb-5a7c9de20ba9_jpg.rf.537545ad254039d91e1972b2bafcea71.jpg
06d5d5dc-b7f2-4b99-ae1e-5d67f0d835fe_jpg.rf.f6ed18f03e2f509833f600d27cb5f28b.jpg
06f1bb4a-c331-43f6-bf99-ac1781db0e5d_jpg.rf.bb61b275535a356c08d885daa073da96.jpg
07025902-0244-446e-aa8d-5bc5142cbd24_jpg.rf.e6cece0379b913f254f3e6600c6066b2.jpg
07039598-a6e7-42c2-93e0-bd37aafcf807_jpg.rf.f73e5ad178bc514c6dac31ac2d4017ff.jpg
07090168-a7e8-4c38-b5f1-491df5d7be94_jpg.rf.52f3844992d86cb32e224fe7df1c1f3f.jpg
0724020b-fb1b-4054-b8f7-de730d662320_jpg.rf.428b53082fbd164e67dad0bcaf8c94dd.jpg
072726c1-407f-4797-ab20-7ddc18b33d8e_jpg.rf.2504505aa77f62d278540a3ac0ba9b13.jpg
07389682-4ec6-4c99-99ea-e76a7d28f9fe_jpg.rf.013672b0866aba73ec0c1053792dfec4.jpg
073cd9fe-8331-4dc0-b246-16c5f263da5b_jpg.rf.3b3e7e1d4bf8f25cfac0cc0c576876f0.jpg
074c4f0c-c1af-4f6a-b88c-d6ebe602f39b_jpg.rf.5e7e8e24cc6c4ca729cec9cd1b1ebcd1.jpg
075883a8-8154-4934-989d-6337f04526d8_jpg.rf.073ce13a644a24af7f882de97f74d4b7.jpg
075aa6eb-3305-4afa-a8a9-14a1ba8b7bd2_jpg.rf.9b9776fd2c46f66b299d90db2b3fe974.jpg
0766e9d7-08fe-4dde-bb07-2d78c6286222_jpg.rf.99854e59659bf2a3e6d0b1389126b446.jpg
077fabe6-8708-4989-971c-8a9edd68dd62_jpg.rf.342cafb735ea0e949ccce3d727818197.jpg
0781db63-34c0-469c-b6b4-0222df5d4174_jpg.rf.af910712059375b38f3ee39d03c5b429.jpg
0786a424-65f8-4b29-bdd3-093193c16185_jpg.rf.a6fea88a20159b3e7bb89b015dbd5c53.jpg
0787fb0d-e74e-40b4-9981-10f258369248_jpg.rf.112001c778b9d00c3c820eea227199b8.jpg
078b3991-83e6-4c20-ad91-945724b8dcb7_jpg.rf.eaff5c69e45b7fe3471eb170cf8dc9a0.jpg
079238fa-5435-49f6-9d6b-158062c8ba7b_jpg.rf.dcb00261c04ac9addb02d3a6a90176d4.jpg
07a0adc0-fcb7-42e8-8b5c-5f8c10249032_jpg.rf.31245fb29948d99d0449b72a16566f48.jpg
07a4dbc5-72d0-4b7e-914a-3d7e5576a415_jpg.rf.40ffcf71dd71a95aaca1b7cf3ac72740.jpg
07a79669-c79a-4aea-b866-ef05e7b1a729_jpg.rf.2ea7c9e862696868804442086982a826.jpg
07c814ce-fd9c-44c7-bc2e-0b181fd4b749_jpg.rf.6a7099e7bfdc98e14636f7e8ff192f61.jpg
07ced495-8bca-46a1-a64a-0ecc8637bc5b_jpg.rf.4adc3b06aff54400cbfa72b91b03e3b4.jpg
07d5f123-1ee1-4403-8e97-4de726741ab8_jpg.rf.a735483084d0751d576a3d4c51423a21.jpg
07e05a08-f9fb-43a1-a922-3d076f04e6bd_jpg.rf.c59455ecf97b6528a872ad1b99aee909.jpg
07f0183a-0985-4906-87ac-b723a5b879b4_jpg.rf.e9ed22b16514ce345f356aed45b2f7ad.jpg
08-05-2024-13-INT_-ATENAS-1-2-601_processado_mp4-0000_jpg.rf.172146b0e6bebfb6e32eb0cbeef586f4.jpg
08-05-2024-13-INT_-ATENAS-1-2-601_processado_mp4-0003_jpg.rf.66d2122a86f2b9797398965a770645a8.jpg
08-05-2024-13-INT_-ATENAS-1-2-601_processado_mp4-0004_jpg.rf.7e94353f53eaf0acaf6ae38af81617ac.jpg
08-05-2024-13-INT_-ATENAS-1-2-601_processado_mp4-0005_jpg.rf.58db3391536d1f19fa5cf85134f5d6bd.jpg
08-05-2024-13-INT_-ATENAS-1-2-601_processado_mp4-0006_jpg.rf.fb707521de8803625d849d52bfe528f6.jpg
08-05-2024-13-INT_-ATENAS-1-2-601_processado_mp4-0007_jpg.rf.9c15159268768073f897ff4a5d8a9e0c.jpg
08-05-2024-13-INT_-ATENAS-1-2-601_processado_mp4-0017_jpg.rf.350925d5cf096b489fb7710930bb7ecf.jpg
08-05-2024-13-INT_-ATENAS-1-2-601_processado_mp4-0018_jpg.rf.b16e8c535702796682adf12af4b8d41d.jpg
08-05-2024-13-INT_-ATENAS-1-2-601_processado_mp4-0019_jpg.rf.11cdf74abad4f740cf0c012da215cd94.jpg
08-05-2024-13-INT_-ATENAS-1-2-601_processado_mp4-0020_jpg.rf.8a7bd1a7f064681cb87a48df860188f7.jpg
08-05-2024-13-INT_-ATENAS-1-2-601_processado_mp4-0021_jpg.rf.f96a99c71b4eaa942b5f46df3eb320a5.jpg
08-05-2024-13-INT_-ATENAS-1-2-601_processado_mp4-0023_jpg.rf.fbfb10feff0a973ccac0219565a59b66.jpg
08-05-2024-13-INT_-ATENAS-1-2-601_processado_mp4-0024_jpg.rf.787039b639e25d0dfef273575b702afc.jpg
08-05-2024-13-INT_-ATENAS-1-2-601_processado_mp4-0055_jpg.rf.bfdc82ff07f9a555da6d8e2ea09f1f69.jpg
08-05-2024-13-INT_-ATENAS-1-2-601_processado_mp4-0082_jpg.rf.22ce0bb93b105b5569edc6c60a63e92c.jpg
08-05-2024-13-INT_-ATENAS-1-2-601_processado_mp4-0085_jpg.rf.6e4bd3eb78e80fe8967f66e783cfe4b4.jpg
08-05-2024-13-INT_-ATENAS-1-2-601_processado_mp4-0086_jpg.rf.67529ebcfc3d693290648fefc11227d0.jpg
08-05-2024-13-INT_-ATENAS-1-2-601_processado_mp4-0107_jpg.rf.afe4de798888aeb5cdf33078472540d6.jpg
0800a192-1d74-444b-b542-42228d056578_jpg.rf.e29710ad63f9a138d818603ee33bd7cf.jpg
080ca7b3-5bd7-4c11-bc24-dd885cd6f5ad_jpg.rf.f3fa3ff7491e09570796b00d8b201ead.jpg
081700f1-3311-47c6-8675-35420cf357da_jpg.rf.814f920802c720da50cf6aec67b4251e.jpg
081c319d-efa7-4383-a433-aa0e9ff9d70b_jpg.rf.55092cf1def3fe903157ed37ea9f728e.jpg
08388fd9-8e93-47e4-b67f-8039d91306b6_jpg.rf.4517ca41e4ce17496eac5b6214492df0.jpg
083c31d9-2631-48a3-a481-035210ee529d_jpg.rf.e35ce4f8ac3b5cdeb92956432bb9f5d7.jpg
08474fc8-8698-4926-ba9d-b813e8b07886_jpg.rf.73f0febe8b843c850281b02e1922bc66.jpg
086b908f-11bd-490f-87c2-99c0c3bce8ef_jpg.rf.4f977cf3574ffa29486794fd04fb80bf.jpg
0881b5d7-1bf7-4db4-83f7-5fa46c63d6da_jpg.rf.db182efbe472c417c7db6fe0e6c0a92a.jpg
0881f2e0-6196-4d20-a518-6045e04fde82_jpg.rf.b00a5c99da4b48674cf89ada906144ba.jpg
088838d8-3260-41b0-b4d5-176ab4623af1_jpg.rf.e4fab08983b722bd3a6304aeb5ade1f3.jpg
08d4d303-2dc2-47c9-b674-2504ef438d58_jpg.rf.2f9f5d8eb3ac019a9eb7c3fd3613354b.jpg
08facfd4-c038-4a80-b7d1-381a3a05bc00_jpg.rf.e5d41586d78573906d294ffa071a24cf.jpg
09-05-2024-13-CIUDAD-COLON-1-2-202_cortado2_mp4-0004_jpg.rf.4b2696cb9c2f221a6a9a3f6a928d4b7a.jpg
09-05-2024-13-CIUDAD-COLON-1-2-202_cortado2_mp4-0005_jpg.rf.fee40ef180004883ce55e7c659448310.jpg
09-05-2024-13-CIUDAD-COLON-1-2-202_cortado2_mp4-0009_jpg.rf.4f420e98c5fa2bfa65f8000120bc4665.jpg
09-05-2024-13-CIUDAD-COLON-1-2-202_cortado2_mp4-0011_jpg.rf.364b9f6567087d5dcfbf126abf175565.jpg
09-05-2024-13-CIUDAD-COLON-1-2-202_cortado2_mp4-0013_jpg.rf.eabedf27fd045e1001cd0afec3a86f4d.jpg
09-05-2024-13-CIUDAD-COLON-1-2-202_cortado2_mp4-0014_jpg.rf.22188b336608a4225b6a036aa8fe09e6.jpg
09-05-2024-13-CIUDAD-COLON-1-2-202_cortado2_mp4-0015_jpg.rf.30c7b41492051e0f2acd736c22823fa7.jpg
09-05-2024-13-CIUDAD-COLON-1-2-202_cortado2_mp4-0016_jpg.rf.85da9b6c243cc85036ee7cfa9242e853.jpg
09-05-2024-13-CIUDAD-COLON-1-2-202_cortado2_mp4-0017_jpg.rf.f3e81b8e96a1e1fbf18d67111ee7b715.jpg
09-05-2024-13-CIUDAD-COLON-1-2-202_cortado2_mp4-0020_jpg.rf.a5e94d540d166c8f769faa6c1356041f.jpg
09-05-2024-13-CIUDAD-COLON-1-2-202_cortado2_mp4-0021_jpg.rf.19e62f8a05a8093fdd5e7c849f10c2b1.jpg
09-05-2024-13-CIUDAD-COLON-1-2-202_cortado2_mp4-0022_jpg.rf.1a0a9e10eea3925f8e5c1f241eca56a8.jpg
09-05-2024-13-CIUDAD-COLON-1-2-202_cortado2_mp4-0023_jpg.rf.03b4822fcdd95aa875cc69078c5e2dfe.jpg
09-05-2024-13-CIUDAD-COLON-1-2-202_cortado2_mp4-0029_jpg.rf.cc5c7196a1e30a65a043278743502118.jpg
09-05-2024-13-CIUDAD-COLON-1-2-202_cortado2_mp4-0030_jpg.rf.a9facb7df59ca7092c6b95012642b390.jpg
09-05-2024-13-CIUDAD-COLON-1-2-202_cortado2_mp4-0032_jpg.rf.ce4c4961c51e06aeda9a773cc729360c.jpg
09-05-2024-13-CIUDAD-COLON-1-2-202_cortado2_mp4-0033_jpg.rf.8e5833959e68a96af5451e616b354c3a.jpg
09-05-2024-13-CIUDAD-COLON-1-2-202_cortado2_mp4-0034_jpg.rf.82f380f262f7062bc8b06c62401ff3fe.jpg
09-05-2024-13-CIUDAD-COLON-1-2-202_cortado2_mp4-0035_jpg.rf.e61ffef3e0c6f13d573b7d44f1c1ff96.jpg
09-05-2024-13-CIUDAD-COLON-1-2-202_cortado2_mp4-0043_jpg.rf.3d5d55faada88160658ac29d2dfb1a35.jpg
09-05-2024-13-CIUDAD-COLON-1-2-202_cortado2_mp4-0045_jpg.rf.5f8ea3310bc329d8f69564dbf6fbcd31.jpg
09-05-2024-13-CIUDAD-COLON-1-2-202_cortado2_mp4-0046_jpg.rf.1f53ad25126b8325d6a3f9923bfe3294.jpg
09-05-2024-13-CIUDAD-COLON-1-2-202_cortado2_mp4-0047_jpg.rf.8ab427b7df1f18a743f1c28b5986c7b1.jpg
09-05-2024-13-CIUDAD-COLON-1-2-202_cortado2_mp4-0051_jpg.rf.aeb6feae84bdef8f912b7f29c04d6aef.jpg
09-05-2024-13-CIUDAD-COLON-1-2-202_cortado2_mp4-0052_jpg.rf.7e3c2c618a5d457ff77be05c45ee7fb3.jpg
09-05-2024-13-CIUDAD-COLON-1-2-202_cortado2_mp4-0053_jpg.rf.e89aad2ceddc0dde2e2e2d2af8dc63a9.jpg
09-05-2024-13-CIUDAD-COLON-1-2-202_cortado2_mp4-0054_jpg.rf.ef4a37504ccc86b08d2d9b3f5b6cb30e.jpg
09-05-2024-13-CIUDAD-COLON-1-2-202_cortado2_mp4-0055_jpg.rf.fffe175915d73794fd882cde43676a54.jpg
09-05-2024-13-CIUDAD-COLON-1-2-202_cortado2_mp4-0056_jpg.rf.615e259db414d585bc968fd6edbf3b35.jpg
09-05-2024-13-CIUDAD-COLON-1-2-202_cortado2_mp4-0057_jpg.rf.72a5b6963feed39d6f3ae881d99a9b24.jpg
09-05-2024-13-CIUDAD-COLON-1-2-202_cortado2_mp4-0058_jpg.rf.5dbfedbddc90d4f6a3dddeecbe2c6ad0.jpg
09-05-2024-13-CIUDAD-COLON-1-2-202_cortado2_mp4-0062_jpg.rf.d7c4f8b27f78e845c2689fc527d58eda.jpg
09-05-2024-13-CIUDAD-COLON-1-2-202_cortado2_mp4-0063_jpg.rf.f6f1a01f410c84c25e1206925e091aa3.jpg
09-05-2024-13-CIUDAD-COLON-1-2-202_cortado2_mp4-0064_jpg.rf.cf41f3c78157e16cba7b1b0ad414d464.jpg
09-05-2024-13-CIUDAD-COLON-1-2-202_cortado2_mp4-0065_jpg.rf.bb34f88794a58fb2f927ec65ee634c42.jpg
09-05-2024-13-CIUDAD-COLON-1-2-202_cortado2_mp4-0066_jpg.rf.621bc9e8464e668a5bd26c352009de59.jpg
09-05-2024-13-CIUDAD-COLON-1-2-202_cortado2_mp4-0068_jpg.rf.2bb5f50a5b7b1cfcec2d2ca957609f38.jpg
09-05-2024-13-CIUDAD-COLON-1-2-202_cortado2_mp4-0070_jpg.rf.812819351ddbcf0942a5912b56bd0d8c.jpg
09-05-2024-13-CIUDAD-COLON-1-2-202_cortado2_mp4-0071_jpg.rf.b3d2140ddb0e06d9faf19f9c30e5708b.jpg
09-05-2024-13-CIUDAD-COLON-1-2-202_cortado2_mp4-0073_jpg.rf.67478a09f7cea3a11e85ba2f066fac93.jpg
09-05-2024-13-CIUDAD-COLON-1-2-202_cortado2_mp4-0074_jpg.rf.9bc0e102ba67d5e257d0715de9be71e6.jpg
09-05-2024-13-CIUDAD-COLON-1-2-202_cortado2_mp4-0075_jpg.rf.3e832fc13436b9f32ba43965f89c6c01.jpg
09-05-2024-13-CIUDAD-COLON-1-2-202_cortado2_mp4-0080_jpg.rf.f076e6c9a6366efb8caa1c9ea6112b56.jpg
09-05-2024-13-CIUDAD-COLON-1-2-202_cortado2_mp4-0081_jpg.rf.874d28a63828031fbfd13278b1412bae.jpg
09-05-2024-13-CIUDAD-COLON-1-2-202_cortado2_mp4-0082_jpg.rf.df7451358da6ed69a7981d6aab537062.jpg
09-05-2024-13-CIUDAD-COLON-1-2-202_cortado2_mp4-0083_jpg.rf.a7ec46478a6ec14515d63ed8c1b4e036.jpg
09-05-2024-13-CIUDAD-COLON-1-2-202_cortado2_mp4-0084_jpg.rf.d87d933256591a2a4b43ccfe7b4b069d.jpg
09-05-2024-13-CIUDAD-COLON-1-2-202_cortado2_mp4-0085_jpg.rf.7a5164c0b9cbeb9a4b5ed16fd498af71.jpg
09-05-2024-13-CIUDAD-COLON-1-2-202_cortado2_mp4-0098_jpg.rf.d2376bbff95af38f73e464a124551ebc.jpg
09-05-2024-13-CIUDAD-COLON-1-2-202_cortado2_mp4-0099_jpg.rf.afc11aa41656c90510ec28137177aafd.jpg
09-05-2024-13-CIUDAD-COLON-1-2-202_cortado2_mp4-0100_jpg.rf.fd83ff9bc9beeec8d7ee1b566308aa03.jpg
09-05-2024-13-CIUDAD-COLON-1-2-202_cortado2_mp4-0101_jpg.rf.776bf2762e108c548c55f155a4d95866.jpg
09-05-2024-13-CIUDAD-COLON-1-2-202_cortado2_mp4-0104_jpg.rf.68481d64bdd671dd735f7310f6b1d3c5.jpg
09-05-2024-13-CIUDAD-COLON-1-2-202_cortado2_mp4-0105_jpg.rf.37c99a5d3f8c7f547707c581c6b0a294.jpg
09-05-2024-13-CIUDAD-COLON-1-2-202_cortado2_mp4-0107_jpg.rf.b9150338cc0bb7cf6c4b319ca172a734.jpg
09-05-2024-13-CIUDAD-COLON-1-2-202_cortado2_mp4-0110_jpg.rf.063e4938277b67a5e04fe5c0698a7b22.jpg
09-05-2024-13-CIUDAD-COLON-1-2-202_cortado2_mp4-0123_jpg.rf.6ad2b7cf0d00f284ef85b53538de667e.jpg
09-05-2024-13-CIUDAD-COLON-1-2-202_cortado2_mp4-0124_jpg.rf.397f4d54191447f9626fce7b9db1814a.jpg
09-05-2024-13-CIUDAD-COLON-1-2-202_cortado2_mp4-0125_jpg.rf.6cb0ae4f6dfb14389d17345d8e4ba80d.jpg
09-05-2024-13-CIUDAD-COLON-1-2-202_cortado2_mp4-0126_jpg.rf.ebaa3b7ad5d243f5504efe4795a86ce9.jpg
09-05-2024-13-CIUDAD-COLON-1-2-202_cortado2_mp4-0129_jpg.rf.8f053b0bc129ffe80fcc2783ed86cba0.jpg
09-05-2024-13-CIUDAD-COLON-1-2-202_cortado2_mp4-0130_jpg.rf.51bcbec88d116dbcd2bd5e2ce4d1722c.jpg
09-05-2024-13-CIUDAD-COLON-1-2-202_cortado2_mp4-0132_jpg.rf.43abe1c209603654b9b5207a1a1cac7d.jpg
09-05-2024-13-CIUDAD-COLON-1-2-202_cortado2_mp4-0134_jpg.rf.a50b4380be27f442b045c6afa8b07368.jpg
09-05-2024-13-CIUDAD-COLON-1-2-202_cortado2_mp4-0135_jpg.rf.320903b029f7a3dfdba2f43b0f82b596.jpg
09-05-2024-13-CIUDAD-COLON-1-2-202_cortado2_mp4-0136_jpg.rf.5afe194679b2fba1718fc97a24dc38c0.jpg
09-05-2024-13-CIUDAD-COLON-1-2-202_cortado2_mp4-0141_jpg.rf.cc1a64f4c2c67e4f75954f68110692fe.jpg
09-05-2024-13-CIUDAD-COLON-1-2-202_cortado2_mp4-0143_jpg.rf.a80f12f8f42e154ce6eb79f995a40499.jpg
09-05-2024-13-CIUDAD-COLON-1-2-202_cortado2_mp4-0145_jpg.rf.c5443939b675af3d8b4f7982247efb71.jpg
09-05-2024-13-CIUDAD-COLON-1-2-202_cortado2_mp4-0146_jpg.rf.3c059551b1dbb5de096d98d850a813d9.jpg
09-05-2024-13-CIUDAD-COLON-1-2-202_cortado2_mp4-0147_jpg.rf.f915a8c1e06695be43ee7b7b9e4ee8c7.jpg
09-05-2024-13-CIUDAD-COLON-1-2-202_cortado2_mp4-0148_jpg.rf.db1f037151562b23af271a1f7cc0890a.jpg
09-05-2024-13-CIUDAD-COLON-1-2-202_cortado2_mp4-0150_jpg.rf.e77fb4a17b15d67afb1d4cb354bc48c6.jpg
09-05-2024-13-CIUDAD-COLON-1-2-202_cortado2_mp4-0157_jpg.rf.e33d110b8500d2c615e527d4ed89a29b.jpg
09-05-2024-13-CIUDAD-COLON-1-2-202_cortado2_mp4-0159_jpg.rf.b0b639b740202cdeb2ae9b34f0bf533b.jpg
09-05-2024-13-CIUDAD-COLON-1-2-202_cortado2_mp4-0160_jpg.rf.0e6c65577589ac1fbb5553872b07d4a8.jpg
09-05-2024-13-CIUDAD-COLON-1-2-202_cortado2_mp4-0162_jpg.rf.b89eed9de35c41f978bd85597890fa9d.jpg
09-05-2024-13-CIUDAD-COLON-1-2-202_cortado2_mp4-0164_jpg.rf.efaad788ac7c1f113993a496772cb696.jpg
09-05-2024-13-CIUDAD-COLON-1-2-202_cortado2_mp4-0165_jpg.rf.72de163f8fcd03279884fdff4793b918.jpg
09-05-2024-13-CIUDAD-COLON-1-2-202_cortado2_mp4-0176_jpg.rf.f4e4f82cd1d7a3a4683c87c5c53ea9e3.jpg
09-05-2024-13-CIUDAD-COLON-1-2-202_cortado2_mp4-0178_jpg.rf.85d065caab4bff768d043f10bec63c3b.jpg
09-05-2024-13-CIUDAD-COLON-1-2-202_cortado2_mp4-0179_jpg.rf.dd2fac128c25cc9c280e41e7b4e263fb.jpg
09-05-2024-13-CIUDAD-COLON-1-2-202_cortado2_mp4-0180_jpg.rf.7681594a146e574008af1816e4504ddb.jpg
09-05-2024-13-CIUDAD-COLON-1-2-202_cortado2_mp4-0181_jpg.rf.3dafc3880a146fb878134184369b7e98.jpg
09-05-2024-13-CIUDAD-COLON-1-2-202_cortado2_mp4-0182_jpg.rf.d9b7fc69893b595ee9a9cfdaad4a090d.jpg
09-05-2024-13-CIUDAD-COLON-1-2-202_cortado2_mp4-0183_jpg.rf.4904147a249324b77391aece4702098c.jpg
09-05-2024-13-CIUDAD-COLON-1-2-202_cortado2_mp4-0184_jpg.rf.e5119899dc2fdfdebce6c1a31c589ef4.jpg
09-05-2024-13-CIUDAD-COLON-1-2-202_cortado_mp4-0002_jpg.rf.f867b84305a6f528fc351e9493190ff9.jpg
09-05-2024-13-CIUDAD-COLON-1-2-202_cortado_mp4-0003_jpg.rf.27da588e74dff5d51dfb7c8d742e1283.jpg
09-05-2024-13-CIUDAD-COLON-1-2-202_cortado_mp4-0004_jpg.rf.67a7055729311e0dc2a02c695b67ae77.jpg
09-05-2024-13-CIUDAD-COLON-1-2-202_cortado_mp4-0011_jpg.rf.3228e532303d5928ad7f99d552e85a1b.jpg
09-05-2024-13-CIUDAD-COLON-1-2-202_cortado_mp4-0018_jpg.rf.e3e3c0d48f2e7fc4fd5e39855113bf9c.jpg
09-05-2024-13-CIUDAD-COLON-1-2-202_cortado_mp4-0020_jpg.rf.0132233718f22393ef956b43dbbd9cfa.jpg
09-05-2024-13-CIUDAD-COLON-1-2-202_cortado_mp4-0022_jpg.rf.9c69a465eca9a9d1d3dc647c91b271ee.jpg
09-05-2024-13-CIUDAD-COLON-1-2-202_cortado_mp4-0023_jpg.rf.7aabf4e0d8ad731985cca5f32a574c25.jpg
09-05-2024-13-CIUDAD-COLON-1-2-202_cortado_mp4-0025_jpg.rf.16c108b89f202f7a40a95ffc613e4672.jpg
09-05-2024-13-CIUDAD-COLON-1-2-202_cortado_mp4-0043_jpg.rf.d6af0f5416023a4479f57a9e1f1c8d82.jpg
09-05-2024-13-CIUDAD-COLON-1-2-202_cortado_mp4-0044_jpg.rf.1a00426415760d2024f33d70c8154ab1.jpg
09-05-2024-13-CIUDAD-COLON-1-2-202_cortado_mp4-0046_jpg.rf.78c3587d8e061324bd6848bd0be33bc5.jpg
09-05-2024-13-CIUDAD-COLON-1-2-202_cortado_mp4-0050_jpg.rf.50669b18e2359edda024ec49ed0e66c4.jpg
09-05-2024-13-CIUDAD-COLON-1-2-202_cortado_mp4-0052_jpg.rf.a076538d060622d0152dbe1d6f2bcea9.jpg
09-05-2024-13-CIUDAD-COLON-1-2-202_cortado_mp4-0072_jpg.rf.2c31fb1ac423ca84f101147a3a297690.jpg
09-05-2024-13-CIUDAD-COLON-1-2-202_cortado_mp4-0073_jpg.rf.93ab4909cafa5817df10acc535ff8f6c.jpg
09-05-2024-13-CIUDAD-COLON-1-2-202_cortado_mp4-0074_jpg.rf.20fa309b2e99d13332e067f605bb32fb.jpg
09-05-2024-13-CIUDAD-COLON-1-2-202_cortado_mp4-0075_jpg.rf.35c742bf7229c522b082e2088eac417e.jpg
09-05-2024-13-CIUDAD-COLON-1-2-202_cortado_mp4-0077_jpg.rf.e7c44d97f7bff379b64e9fa6839d008e.jpg
09-05-2024-13-CIUDAD-COLON-1-2-202_cortado_mp4-0079_jpg.rf.dbcf37d82ce86d1fa90581fc472a4bec.jpg
09-05-2024-13-CIUDAD-COLON-1-2-202_cortado_mp4-0080_jpg.rf.900bfda057bbf79375f68cb66f377d0a.jpg
09-05-2024-13-CIUDAD-COLON-1-2-202_cortado_mp4-0081_jpg.rf.b3aa85dd362f32407d56bd5c59d6832f.jpg
09-05-2024-13-CIUDAD-COLON-1-2-202_cortado_mp4-0083_jpg.rf.4be2d33aac8f553024bf6b7ac9891079.jpg
09-05-2024-13-CIUDAD-COLON-1-2-202_cortado_mp4-0085_jpg.rf.5384503e9c8f4e286b0781aede9ae7f1.jpg
09-05-2024-13-CIUDAD-COLON-1-2-202_cortado_mp4-0086_jpg.rf.044dfc49d8dccf9b2559be866c463501.jpg
09-05-2024-13-CIUDAD-COLON-1-2-202_cortado_mp4-0089_jpg.rf.b893424e9ad73f64c0c48188fb903560.jpg
09-05-2024-13-CIUDAD-COLON-1-2-202_cortado_mp4-0093_jpg.rf.94eb35da092aee53b400530a71bf47d8.jpg
09-05-2024-13-CIUDAD-COLON-1-2-202_cortado_mp4-0094_jpg.rf.115488ce94aa695ea545d11fe1810b55.jpg
09-05-2024-13-CIUDAD-COLON-1-2-202_cortado_mp4-0095_jpg.rf.8d3ec288fd70441b9459019d006f50b4.jpg
09-05-2024-13-CIUDAD-COLON-1-2-202_cortado_mp4-0097_jpg.rf.d04a23bed4648acd0609999cc3ac19a7.jpg
09-05-2024-13-CIUDAD-COLON-1-2-202_cortado_mp4-0107_jpg.rf.c4125b15bbadde45b0608eb45c558ba7.jpg
09-05-2024-13-CIUDAD-COLON-1-2-202_cortado_mp4-0108_jpg.rf.30cf4af0ed95e20fa086889571daf840.jpg
09-05-2024-13-CIUDAD-COLON-1-2-202_cortado_mp4-0110_jpg.rf.5bc1f5c78b3f710e07b82717631e1d7d.jpg
09-05-2024-13-CIUDAD-COLON-1-2-202_cortado_mp4-0111_jpg.rf.1edae1d7008d40535e080783eea24626.jpg
09-05-2024-13-CIUDAD-COLON-1-2-202_cortado_mp4-0112_jpg.rf.93eb81eb15975671791c504270e7f100.jpg
09-05-2024-13-CIUDAD-COLON-1-2-202_cortado_mp4-0127_jpg.rf.146c4b2576f7bdaad25364a9a8c8c201.jpg
09-05-2024-13-CIUDAD-COLON-1-2-202_cortado_mp4-0128_jpg.rf.723f8e257fc062414c0e4e69fa9c2cd1.jpg
09-05-2024-13-CIUDAD-COLON-1-2-202_cortado_mp4-0129_jpg.rf.b0333bbfa050725d113634b52dd68862.jpg
09-05-2024-13-CIUDAD-COLON-1-2-202_cortado_mp4-0132_jpg.rf.aea9b87bceb87f9bc13472c8de5a86b6.jpg
09-05-2024-13-CIUDAD-COLON-1-2-202_cortado_mp4-0133_jpg.rf.002e4078d7d924726ff786e8ea3aab11.jpg
09-05-2024-13-CIUDAD-COLON-1-2-202_cortado_mp4-0134_jpg.rf.dd739eb69ccb6ef23040e77b89497a18.jpg
09-05-2024-13-CIUDAD-COLON-1-2-202_cortado_mp4-0135_jpg.rf.0c92c5dc9aa06381b7508a515bc72658.jpg
09-05-2024-13-CIUDAD-COLON-1-2-202_cortado_mp4-0136_jpg.rf.d9478582231856fac5530d7cc6f0cd55.jpg
09-05-2024-13-CIUDAD-COLON-1-2-202_cortado_mp4-0138_jpg.rf.391de24ac9a5ee83ceaf3aff0fc9f7f9.jpg
09-05-2024-13-CIUDAD-COLON-1-2-202_cortado_mp4-0142_jpg.rf.e6a61c92cdc2992b8e6d12238a5da138.jpg
09-05-2024-13-CIUDAD-COLON-1-2-202_cortado_mp4-0149_jpg.rf.f4a36d9fcc290fce8b446ec61952551b.jpg
09-05-2024-13-CIUDAD-COLON-1-2-202_cortado_mp4-0150_jpg.rf.1f6af804ce963239d290fa1eba37d3d2.jpg
09-05-2024-13-CIUDAD-COLON-1-2-202_cortado_mp4-0152_jpg.rf.64a28779ffd2f6b740c78b2f0e49b6df.jpg
09-05-2024-13-CIUDAD-COLON-1-2-202_cortado_mp4-0153_jpg.rf.0e83e7d5c18ae34a0cfb9e3db69207d8.jpg
09-05-2024-13-CIUDAD-COLON-1-2-202_cortado_mp4-0154_jpg.rf.1a03513bb0d302306ffa601745f8df00.jpg
09-05-2024-13-CIUDAD-COLON-1-2-202_cortado_mp4-0155_jpg.rf.e95f5165f0a4e3c4aa2629f7add5e4cf.jpg
09-05-2024-13-CIUDAD-COLON-1-2-202_cortado_mp4-0157_jpg.rf.dd16be8f3da2f027666b418c2219313d.jpg
09-05-2024-13-CIUDAD-COLON-1-2-202_cortado_mp4-0158_jpg.rf.1a57834a94d2ca96550b55c262ca9b7b.jpg
09-05-2024-13-CIUDAD-COLON-1-2-202_cortado_mp4-0160_jpg.rf.03a71629cffdf34eca7b451a2e58a442.jpg
09-05-2024-13-CIUDAD-COLON-1-2-202_cortado_mp4-0161_jpg.rf.00b81aaee531a6738941012a46dd8309.jpg
09-05-2024-13-CIUDAD-COLON-1-2-202_cortado_mp4-0163_jpg.rf.f377f57bb02df4326ccb9f7630edfa18.jpg
09-05-2024-13-CIUDAD-COLON-1-2-202_cortado_mp4-0164_jpg.rf.5f11b5451b21a82483b6f8b05b33b1de.jpg
09-05-2024-13-CIUDAD-COLON-1-2-202_cortado_mp4-0165_jpg.rf.32e339a8bd77623f044c1a4bec06699f.jpg
09-05-2024-13-CIUDAD-COLON-1-2-202_cortado_mp4-0167_jpg.rf.057613a3a7ea2ac280414d980f28d51e.jpg
09-05-2024-13-CIUDAD-COLON-1-2-202_cortado_mp4-0168_jpg.rf.2e0004167abce2233d6f93cd072bdef0.jpg
09-05-2024-13-CIUDAD-COLON-1-2-202_cortado_mp4-0169_jpg.rf.9008b7171829cec9fcfa26e54670be0c.jpg
09-05-2024-13-CIUDAD-COLON-1-2-202_cortado_mp4-0170_jpg.rf.e90c2574962ed3df07f628dcf39c6ee8.jpg
09-05-2024-13-CIUDAD-COLON-1-2-202_cortado_mp4-0171_jpg.rf.36b19a6a49b1fd0eacbb08ab6f0ca2b7.jpg
09-05-2024-13-CIUDAD-COLON-1-2-202_cortado_mp4-0172_jpg.rf.a654a77e4bcc985dc406a3b9ea837243.jpg
09-05-2024-13-CIUDAD-COLON-1-2-202_cortado_mp4-0173_jpg.rf.75359b641832fcaba8b3a81c4206e0c4.jpg
09-05-2024-13-CIUDAD-COLON-1-2-202_cortado_mp4-0174_jpg.rf.0d96e537f8acb458e519a16b6e3dab45.jpg
09-05-2024-13-CIUDAD-COLON-1-2-202_cortado_mp4-0175_jpg.rf.4f9082800ffde40194e9f2ea8f1f0f41.jpg
09-05-2024-13-CIUDAD-COLON-1-2-202_cortado_mp4-0177_jpg.rf.2eaf65d47a24f70f815b69ae56a56479.jpg
09-05-2024-13-CIUDAD-COLON-1-2-202_cortado_mp4-0180_jpg.rf.be176d115331d674a2054231675e9430.jpg
09-05-2024-13-CIUDAD-COLON-1-2-202_cortado_mp4-0181_jpg.rf.1adb682efbe9be82f1c998ed730b5ede.jpg
09-05-2024-13-CIUDAD-COLON-1-2-202_cortado_mp4-0182_jpg.rf.1df7edba34e906f604f49de915e3c644.jpg
09-05-2024-13-CIUDAD-COLON-1-2-202_cortado_mp4-0183_jpg.rf.032608c091cbf3eccb8e6a034d789279.jpg
09-05-2024-13-CIUDAD-COLON-1-2-202_cortado_mp4-0184_jpg.rf.ccc39159fb7cc18fbd1263b99c5540b8.jpg
09-05-2024-13-CIUDAD-COLON-1-2-202_cortado_mp4-0188_jpg.rf.e86d630b32ad8e2fe540c9925776ea34.jpg
09-05-2024-13-CIUDAD-COLON-1-2-202_cortado_mp4-0189_jpg.rf.7e6b92ff5729151aa431ba8f3f7e1bc4.jpg
09-05-2024-13-CIUDAD-COLON-1-2-202_cortado_mp4-0194_jpg.rf.9d45b89c993037f2c5a64f5b3d009a14.jpg
09-05-2024-13-CIUDAD-COLON-1-2-202_cortado_mp4-0201_jpg.rf.c0e110a37998b29332a408f6e22533ea.jpg
09-05-2024-13-CIUDAD-COLON-1-2-202_cortado_mp4-0202_jpg.rf.51652eae594ffb37e7e714e9ebcbbfcd.jpg
09-05-2024-13-CIUDAD-COLON-1-2-202_cortado_mp4-0204_jpg.rf.981a81f7aab51d6fcf825ee4aa0f1813.jpg
09-05-2024-13-CIUDAD-COLON-1-2-202_cortado_mp4-0205_jpg.rf.e17789a3a5d0f8684a3e73fd30b74edb.jpg
09-05-2024-13-CIUDAD-COLON-1-2-202_cortado_mp4-0207_jpg.rf.f96a0b16b0524b3202464acd8aad69a6.jpg
09-05-2024-13-CIUDAD-COLON-1-2-202_cortado_mp4-0208_jpg.rf.aeb2a72f1cb2b409ce593a47f3467656.jpg
09-05-2024-13-CIUDAD-COLON-1-2-202_cortado_mp4-0217_jpg.rf.954d0f121345bf3b98c3ab7b9da63e51.jpg
09-05-2024-13-CIUDAD-COLON-1-2-202_cortado_mp4-0218_jpg.rf.e0c2a0998d803a270ab7acd1351d6f48.jpg
09-05-2024-13-CIUDAD-COLON-1-2-202_cortado_mp4-0219_jpg.rf.4b8291c29a8b34ca1eef54a021462c75.jpg
09-05-2024-13-CIUDAD-COLON-1-2-202_cortado_mp4-0220_jpg.rf.39129fc2839ba56048031461571819f3.jpg
09-05-2024-13-CIUDAD-COLON-1-2-202_cortado_mp4-0221_jpg.rf.51a53f35d57785a2989e7e5b0b60d683.jpg
09-05-2024-13-CIUDAD-COLON-1-2-202_cortado_mp4-0233_jpg.rf.32d9dd41991f5e5c76223720a2dfff1b.jpg
09-05-2024-13-CIUDAD-COLON-1-2-202_cortado_mp4-0234_jpg.rf.7aaf842e57036f2ec800dad2a610365d.jpg
09-05-2024-13-CIUDAD-COLON-1-2-202_cortado_mp4-0236_jpg.rf.2dd2c83bd92c505acf881a0ca54312b6.jpg
09-05-2024-13-CIUDAD-COLON-1-2-202_cortado_mp4-0238_jpg.rf.057a512d0ac11dcc4df6d4f9561009b9.jpg
09-05-2024-13-CIUDAD-COLON-1-2-202_cortado_mp4-0240_jpg.rf.e46aa0f4acd473cdcce63c570d042425.jpg
09-05-2024-13-CIUDAD-COLON-1-2-202_cortado_mp4-0241_jpg.rf.53cf3a61addd98df8305263dd85bc09b.jpg
0905-1-_mp4-0001_jpg.rf.476e770cfa217232eab68c8ee1280085.jpg
0905-1-_mp4-0002_jpg.rf.584f0a35d0e09629cf02601e98d17323.jpg
0905-1-_mp4-0003_jpg.rf.05e4d954075c5b05d022602f547051eb.jpg
0905-1-_mp4-0004_jpg.rf.b0bc8cbc881287450ad7b4f149f9f987.jpg
0905-1-_mp4-0005_jpg.rf.c1aadf7c096dea0a1be243e64f6203dd.jpg
0905-1-_mp4-0008_jpg.rf.7973e02a40de0da3f33c30326f21f59e.jpg
0905-1-_mp4-0009_jpg.rf.b7d7050917e28095afc7387f77b2b819.jpg
0905-1-_mp4-0011_jpg.rf.759ad07272fe6aa48d9cfae1bf235333.jpg
0905-1-_mp4-0036_jpg.rf.3a0149bcb00dd52406c546ce2c278ae3.jpg
0905-1-_mp4-0037_jpg.rf.d349bcb3932391756c9b7370146527b3.jpg
0905-1-_mp4-0038_jpg.rf.d593b104605a5f6934c7a4a3fcd52806.jpg
0905-1-_mp4-0039_jpg.rf.34337add04e92cbecfb4767db765ce62.jpg
0905-1-_mp4-0040_jpg.rf.c0e9d8719aefeaa164a87202f9ae0eaf.jpg
0905-1-_mp4-0041_jpg.rf.13021db52fa070481d1978010bb4b17e.jpg
0905-1-_mp4-0042_jpg.rf.201a335386862451c1331902065b085d.jpg
0905-1-_mp4-0043_jpg.rf.ba2112d5e98f7113bb6ae7e83ea1ecf8.jpg
0905-1-_mp4-0045_jpg.rf.58f72bbb08646a2aae21e696f9e260fb.jpg
0905-1-_mp4-0048_jpg.rf.4eb1772d3c129f3bf206f757fc340dea.jpg
0905-1-_mp4-0050_jpg.rf.e06c9b4776bd1cb97957491960fcc11b.jpg
0905-1-_mp4-0051_jpg.rf.b79ccf486c08e7d68c87de0485be62a3.jpg
0905-1-_mp4-0052_jpg.rf.2e0e9bd74ba8f3b38435ad85bdac1960.jpg
0905-1-_mp4-0054_jpg.rf.64fdef7f257571cabab603884d4c6ea2.jpg
0905-1-_mp4-0055_jpg.rf.063913ed17dff28dea582ad33e70ff1d.jpg
0905-1-_mp4-0070_jpg.rf.e13179a6e12346caf002f7a47d349eb5.jpg
0905-1-_mp4-0071_jpg.rf.d1c5bbdbb45d5e7b3b071013d3493f66.jpg
0905-1-_mp4-0072_jpg.rf.2077dc520f541d9dc9dc9a910b04a7dc.jpg
0905-1-_mp4-0073_jpg.rf.57440baf139d7a2311600e20cb401e75.jpg
0905-1-_mp4-0074_jpg.rf.92eea2b09523b86fe7179758400f3c64.jpg
0905-1-_mp4-0075_jpg.rf.3a46aa944297a1542088270918095828.jpg
0905-1-_mp4-0076_jpg.rf.7927cd49ddea73337dfb51a9ff2492f5.jpg
0905-1-_mp4-0077_jpg.rf.f8ae0a2d8c6185b3f2e7cdc0053c501b.jpg
0905-1-_mp4-0078_jpg.rf.2db37d9a0461eb74dcfaa28111f20ff5.jpg
0905-1-_mp4-0079_jpg.rf.de9a88a95bc5eade230a4948b29518fb.jpg
0905-1-_mp4-0080_jpg.rf.0a27ea6b7893f03c7bf2c2af73c10f48.jpg
0905-1-_mp4-0081_jpg.rf.7b3848b9f0de6758f56c7b145c14719c.jpg
0905-1-_mp4-0082_jpg.rf.bc53a5e1a74727b826fdb1fe6ffcfc22.jpg
0905-1-_mp4-0083_jpg.rf.5900dcd8d2058899935329e1466c3043.jpg
0905-1-_mp4-0093_jpg.rf.386d94db8966e155c373db633ba8ae8a.jpg
0905-1-_mp4-0095_jpg.rf.c45a19258f14c0d58b83227ee4fdf0eb.jpg
0905-1-_mp4-0098_jpg.rf.4aa8c65c974df86d33e683cffa2a0b64.jpg
0905-1-_mp4-0099_jpg.rf.6a6254da8c1b22ff33c363b67ebddf5a.jpg
0905-1-_mp4-0100_jpg.rf.b2b69306ae119de4379598420c0cdbf7.jpg
0905-1-_mp4-0102_jpg.rf.36cdb772859bab4a0f5008914396ab74.jpg
0905_mp4-0002_jpg.rf.160e375820c3a0590ffe10f4b5c5bc3c.jpg
0905_mp4-0003_jpg.rf.1b4a8d22fbfbd21a5d69d172cdd01126.jpg
0905_mp4-0004_jpg.rf.7ba5dc4d6fc02c3f767fc6b2b1609cca.jpg
0905_mp4-0005_jpg.rf.775a5cb85806d6d2a9162d0654141bf2.jpg
0905_mp4-0007_jpg.rf.cef2ffa3d98029cb154bc24bdd49150e.jpg
0905_mp4-0010_jpg.rf.2dbbf2c0a42278c74a753e31d44fcdee.jpg
0905_mp4-0011_jpg.rf.b938e850c02e364441d60ba2bef7af48.jpg
0905_mp4-0012_jpg.rf.5004b659f1597c29ea7e5d404f58913b.jpg
0905_mp4-0013_jpg.rf.801d8e62039509153b18569fb1f33950.jpg
